2018-06-09 07:19:44 26 [Warning] Using unique option prefix myisam-recover instead of myisam-recover-options is deprecated and will be removed in a future release. Please use the full name instead.
2018-06-09 07:19:44 26 [Note] Plugin 'FEDERATED' is disabled.
2018-06-09 07:19:44 26 [Note] InnoDB: Using atomics to ref count buffer pool pages
2018-06-09 07:19:44 26 [Note] InnoDB: The InnoDB memory heap is disabled
2018-06-09 07:19:44 26 [Note] InnoDB: Mutexes and rw_locks use GCC atomic builtins
2018-06-09 07:19:44 26 [Note] InnoDB: Memory barrier is not used
2018-06-09 07:19:44 26 [Note] InnoDB: Compressed tables use zlib 1.2.3
2018-06-09 07:19:44 26 [Note] InnoDB: Using Linux native AIO
2018-06-09 07:19:44 26 [Note] InnoDB: Using CPU crc32 instructions
2018-06-09 07:19:44 26 [Note] InnoDB: Initializing buffer pool, size = 32.0M
2018-06-09 07:19:44 26 [Note] InnoDB: Completed initialization of buffer pool
2018-06-09 07:19:44 26 [Note] InnoDB: Highest supported file format is Barracuda.
2018-06-09 07:19:44 26 [Note] InnoDB: The log sequence numbers 1625987 and 1625987 in ibdata files do not match the log sequence number 1625997 in the ib_logfiles!
2018-06-09 07:19:44 26 [Note] InnoDB: Database was not shutdown normally!
2018-06-09 07:19:44 26 [Note] InnoDB: Starting crash recovery.
2018-06-09 07:19:44 26 [Note] InnoDB: Reading tablespace information from the .ibd files...
2018-06-09 07:19:44 26 [Note] InnoDB: Restoring possible half-written data pages 
2018-06-09 07:19:44 26 [Note] InnoDB: from the doublewrite buffer...
2018-06-09 07:19:44 26 [Note] InnoDB: 128 rollback segment(s) are active.
2018-06-09 07:19:44 26 [Note] InnoDB: Waiting for purge to start
2018-06-09 07:19:44 26 [Note] InnoDB: 5.6.37 started; log sequence number 1625997
2018-06-09 07:19:44 26 [Note] Server hostname (bind-address): '*'; port: 3306
2018-06-09 07:19:44 26 [Note] IPv6 is available.
2018-06-09 07:19:44 26 [Note]   - '::' resolves to '::';
2018-06-09 07:19:44 26 [Note] Server socket created on IP: '::'.
2018-06-09 07:19:44 26 [ERROR] /usr/sbin/mysqld: Table './mysql/user' is marked as crashed and should be repaired
2018-06-09 07:19:44 26 [Warning] Checking table:   './mysql/user'
2018-06-09 07:19:44 26 [ERROR] 1 client is using or hasn't closed the table properly
2018-06-09 07:19:44 26 [Warning] 'user' entry 'root@e24d0b5cccc1' ignored in --skip-name-resolve mode.
2018-06-09 07:19:44 26 [Warning] 'user' entry '@e24d0b5cccc1' ignored in --skip-name-resolve mode.
2018-06-09 07:19:44 26 [Warning] 'proxies_priv' entry '@ root@e24d0b5cccc1' ignored in --skip-name-resolve mode.
2018-06-09 07:19:44 26 [Note] Event Scheduler: Loaded 0 events
2018-06-09 07:19:44 26 [Note] /usr/sbin/mysqld: ready for connections.
Version: '5.6.37'  socket: '/var/run/mysqld/mysqld.sock'  port: 3306  MySQL Community Server (GPL)
2018-06-09 14:59:46 26 [Note] /usr/sbin/mysqld: Normal shutdown

2018-06-09 14:59:46 26 [Note] Giving 0 client threads a chance to die gracefully
2018-06-09 14:59:46 26 [Note] Event Scheduler: Purging the queue. 0 events
2018-06-09 14:59:46 26 [Note] Shutting down slave threads
2018-06-09 14:59:46 26 [Note] Forcefully disconnecting 0 remaining clients
2018-06-09 14:59:46 26 [Note] Binlog end
2018-06-09 14:59:46 26 [Note] Shutting down plugin 'partition'
2018-06-09 14:59:46 26 [Note] Shutting down plugin 'INNODB_SYS_DATAFILES'
2018-06-09 14:59:46 26 [Note] Shutting down plugin 'INNODB_SYS_TABLESPACES'
2018-06-09 14:59:46 26 [Note] Shutting down plugin 'INNODB_SYS_FOREIGN_COLS'
2018-06-09 14:59:46 26 [Note] Shutting down plugin 'INNODB_SYS_FOREIGN'
2018-06-09 14:59:46 26 [Note] Shutting down plugin 'INNODB_SYS_FIELDS'
2018-06-09 14:59:46 26 [Note] Shutting down plugin 'INNODB_SYS_COLUMNS'
2018-06-09 14:59:46 26 [Note] Shutting down plugin 'INNODB_SYS_INDEXES'
2018-06-09 14:59:46 26 [Note] Shutting down plugin 'INNODB_SYS_TABLESTATS'
2018-06-09 14:59:46 26 [Note] Shutting down plugin 'INNODB_SYS_TABLES'
2018-06-09 14:59:46 26 [Note] Shutting down plugin 'INNODB_FT_INDEX_TABLE'
2018-06-09 14:59:46 26 [Note] Shutting down plugin 'INNODB_FT_INDEX_CACHE'
2018-06-09 14:59:46 26 [Note] Shutting down plugin 'INNODB_FT_CONFIG'
2018-06-09 14:59:46 26 [Note] Shutting down plugin 'INNODB_FT_BEING_DELETED'
2018-06-09 14:59:46 26 [Note] Shutting down plugin 'INNODB_FT_DELETED'
2018-06-09 14:59:46 26 [Note] Shutting down plugin 'INNODB_FT_DEFAULT_STOPWORD'
2018-06-09 14:59:46 26 [Note] Shutting down plugin 'INNODB_METRICS'
2018-06-09 14:59:46 26 [Note] Shutting down plugin 'INNODB_BUFFER_POOL_STATS'
2018-06-09 14:59:46 26 [Note] Shutting down plugin 'INNODB_BUFFER_PAGE_LRU'
2018-06-09 14:59:46 26 [Note] Shutting down plugin 'INNODB_BUFFER_PAGE'
2018-06-09 14:59:46 26 [Note] Shutting down plugin 'INNODB_CMP_PER_INDEX_RESET'
2018-06-09 14:59:46 26 [Note] Shutting down plugin 'INNODB_CMP_PER_INDEX'
2018-06-09 14:59:46 26 [Note] Shutting down plugin 'INNODB_CMPMEM_RESET'
2018-06-09 14:59:46 26 [Note] Shutting down plugin 'INNODB_CMPMEM'
2018-06-09 14:59:46 26 [Note] Shutting down plugin 'INNODB_CMP_RESET'
2018-06-09 14:59:46 26 [Note] Shutting down plugin 'INNODB_CMP'
2018-06-09 14:59:46 26 [Note] Shutting down plugin 'INNODB_LOCK_WAITS'
2018-06-09 14:59:46 26 [Note] Shutting down plugin 'INNODB_LOCKS'
2018-06-09 14:59:46 26 [Note] Shutting down plugin 'INNODB_TRX'
2018-06-09 14:59:46 26 [Note] Shutting down plugin 'InnoDB'
2018-06-09 14:59:46 26 [Note] InnoDB: FTS optimize thread exiting.
2018-06-09 14:59:46 26 [Note] InnoDB: Starting shutdown...
2018-06-09 14:59:47 26 [Note] InnoDB: Shutdown completed; log sequence number 3077086
2018-06-09 14:59:47 26 [Note] Shutting down plugin 'BLACKHOLE'
2018-06-09 14:59:47 26 [Note] Shutting down plugin 'ARCHIVE'
2018-06-09 14:59:47 26 [Note] Shutting down plugin 'PERFORMANCE_SCHEMA'
2018-06-09 14:59:47 26 [Note] Shutting down plugin 'MEMORY'
2018-06-09 14:59:47 26 [Note] Shutting down plugin 'MyISAM'
2018-06-09 14:59:47 26 [Note] Shutting down plugin 'MRG_MYISAM'
2018-06-09 14:59:47 26 [Note] Shutting down plugin 'CSV'
2018-06-09 14:59:47 26 [Note] Shutting down plugin 'sha256_password'
2018-06-09 14:59:47 26 [Note] Shutting down plugin 'mysql_old_password'
2018-06-09 14:59:47 26 [Note] Shutting down plugin 'mysql_native_password'
2018-06-09 14:59:47 26 [Note] Shutting down plugin 'binlog'
2018-06-09 14:59:47 26 [Note] /usr/sbin/mysqld: Shutdown complete

2018-06-10 03:31:43 38 [Warning] Using unique option prefix myisam-recover instead of myisam-recover-options is deprecated and will be removed in a future release. Please use the full name instead.
2018-06-10 03:31:43 38 [Note] Plugin 'FEDERATED' is disabled.
2018-06-10 03:31:43 38 [Note] InnoDB: Using atomics to ref count buffer pool pages
2018-06-10 03:31:43 38 [Note] InnoDB: The InnoDB memory heap is disabled
2018-06-10 03:31:43 38 [Note] InnoDB: Mutexes and rw_locks use GCC atomic builtins
2018-06-10 03:31:43 38 [Note] InnoDB: Memory barrier is not used
2018-06-10 03:31:43 38 [Note] InnoDB: Compressed tables use zlib 1.2.3
2018-06-10 03:31:43 38 [Note] InnoDB: Using Linux native AIO
2018-06-10 03:31:43 38 [Note] InnoDB: Using CPU crc32 instructions
2018-06-10 03:31:43 38 [Note] InnoDB: Initializing buffer pool, size = 32.0M
2018-06-10 03:31:43 38 [Note] InnoDB: Completed initialization of buffer pool
2018-06-10 03:31:43 38 [Note] InnoDB: Highest supported file format is Barracuda.
2018-06-10 03:31:43 38 [Note] InnoDB: 128 rollback segment(s) are active.
2018-06-10 03:31:43 38 [Note] InnoDB: Waiting for purge to start
2018-06-10 03:31:43 38 [Note] InnoDB: 5.6.37 started; log sequence number 3077086
2018-06-10 03:31:43 38 [Note] Server hostname (bind-address): '*'; port: 3306
2018-06-10 03:31:43 38 [Note] IPv6 is available.
2018-06-10 03:31:43 38 [Note]   - '::' resolves to '::';
2018-06-10 03:31:43 38 [Note] Server socket created on IP: '::'.
2018-06-10 03:31:43 38 [Warning] 'user' entry 'root@e24d0b5cccc1' ignored in --skip-name-resolve mode.
2018-06-10 03:31:43 38 [Warning] 'user' entry '@e24d0b5cccc1' ignored in --skip-name-resolve mode.
2018-06-10 03:31:43 38 [Warning] 'proxies_priv' entry '@ root@e24d0b5cccc1' ignored in --skip-name-resolve mode.
2018-06-10 03:31:43 38 [Note] Event Scheduler: Loaded 0 events
2018-06-10 03:31:43 38 [Note] /usr/sbin/mysqld: ready for connections.
Version: '5.6.37'  socket: '/var/run/mysqld/mysqld.sock'  port: 3306  MySQL Community Server (GPL)
2018-06-10 06:28:52 38 [Note] /usr/sbin/mysqld: Normal shutdown

2018-06-10 06:28:52 38 [Note] Giving 0 client threads a chance to die gracefully
2018-06-10 06:28:52 38 [Note] Event Scheduler: Purging the queue. 0 events
2018-06-10 06:28:52 38 [Note] Shutting down slave threads
2018-06-10 06:28:52 38 [Note] Forcefully disconnecting 0 remaining clients
2018-06-10 06:28:52 38 [Note] Binlog end
2018-06-10 06:28:52 38 [Note] Shutting down plugin 'partition'
2018-06-10 06:28:52 38 [Note] Shutting down plugin 'INNODB_SYS_DATAFILES'
2018-06-10 06:28:52 38 [Note] Shutting down plugin 'INNODB_SYS_TABLESPACES'
2018-06-10 06:28:52 38 [Note] Shutting down plugin 'INNODB_SYS_FOREIGN_COLS'
2018-06-10 06:28:52 38 [Note] Shutting down plugin 'INNODB_SYS_FOREIGN'
2018-06-10 06:28:52 38 [Note] Shutting down plugin 'INNODB_SYS_FIELDS'
2018-06-10 06:28:52 38 [Note] Shutting down plugin 'INNODB_SYS_COLUMNS'
2018-06-10 06:28:52 38 [Note] Shutting down plugin 'INNODB_SYS_INDEXES'
2018-06-10 06:28:52 38 [Note] Shutting down plugin 'INNODB_SYS_TABLESTATS'
2018-06-10 06:28:52 38 [Note] Shutting down plugin 'INNODB_SYS_TABLES'
2018-06-10 06:28:52 38 [Note] Shutting down plugin 'INNODB_FT_INDEX_TABLE'
2018-06-10 06:28:52 38 [Note] Shutting down plugin 'INNODB_FT_INDEX_CACHE'
2018-06-10 06:28:52 38 [Note] Shutting down plugin 'INNODB_FT_CONFIG'
2018-06-10 06:28:52 38 [Note] Shutting down plugin 'INNODB_FT_BEING_DELETED'
2018-06-10 06:28:52 38 [Note] Shutting down plugin 'INNODB_FT_DELETED'
2018-06-10 06:28:52 38 [Note] Shutting down plugin 'INNODB_FT_DEFAULT_STOPWORD'
2018-06-10 06:28:52 38 [Note] Shutting down plugin 'INNODB_METRICS'
2018-06-10 06:28:52 38 [Note] Shutting down plugin 'INNODB_BUFFER_POOL_STATS'
2018-06-10 06:28:52 38 [Note] Shutting down plugin 'INNODB_BUFFER_PAGE_LRU'
2018-06-10 06:28:52 38 [Note] Shutting down plugin 'INNODB_BUFFER_PAGE'
2018-06-10 06:28:52 38 [Note] Shutting down plugin 'INNODB_CMP_PER_INDEX_RESET'
2018-06-10 06:28:52 38 [Note] Shutting down plugin 'INNODB_CMP_PER_INDEX'
2018-06-10 06:28:52 38 [Note] Shutting down plugin 'INNODB_CMPMEM_RESET'
2018-06-10 06:28:52 38 [Note] Shutting down plugin 'INNODB_CMPMEM'
2018-06-10 06:28:52 38 [Note] Shutting down plugin 'INNODB_CMP_RESET'
2018-06-10 06:28:52 38 [Note] Shutting down plugin 'INNODB_CMP'
2018-06-10 06:28:52 38 [Note] Shutting down plugin 'INNODB_LOCK_WAITS'
2018-06-10 06:28:52 38 [Note] Shutting down plugin 'INNODB_LOCKS'
2018-06-10 06:28:52 38 [Note] Shutting down plugin 'INNODB_TRX'
2018-06-10 06:28:52 38 [Note] Shutting down plugin 'InnoDB'
2018-06-10 06:28:52 38 [Note] InnoDB: FTS optimize thread exiting.
2018-06-10 06:28:52 38 [Note] InnoDB: Starting shutdown...
2018-06-10 06:28:54 38 [Note] InnoDB: Shutdown completed; log sequence number 3442540
2018-06-10 06:28:54 38 [Note] Shutting down plugin 'BLACKHOLE'
2018-06-10 06:28:54 38 [Note] Shutting down plugin 'ARCHIVE'
2018-06-10 06:28:54 38 [Note] Shutting down plugin 'PERFORMANCE_SCHEMA'
2018-06-10 06:28:54 38 [Note] Shutting down plugin 'MEMORY'
2018-06-10 06:28:54 38 [Note] Shutting down plugin 'MyISAM'
2018-06-10 06:28:54 38 [Note] Shutting down plugin 'MRG_MYISAM'
2018-06-10 06:28:54 38 [Note] Shutting down plugin 'CSV'
2018-06-10 06:28:54 38 [Note] Shutting down plugin 'sha256_password'
2018-06-10 06:28:54 38 [Note] Shutting down plugin 'mysql_old_password'
2018-06-10 06:28:54 38 [Note] Shutting down plugin 'mysql_native_password'
2018-06-10 06:28:54 38 [Note] Shutting down plugin 'binlog'
2018-06-10 06:28:54 38 [Note] /usr/sbin/mysqld: Shutdown complete

2018-06-12 03:03:29 38 [Warning] Using unique option prefix myisam-recover instead of myisam-recover-options is deprecated and will be removed in a future release. Please use the full name instead.
2018-06-12 03:03:29 38 [Note] Plugin 'FEDERATED' is disabled.
2018-06-12 03:03:29 38 [Note] InnoDB: Using atomics to ref count buffer pool pages
2018-06-12 03:03:29 38 [Note] InnoDB: The InnoDB memory heap is disabled
2018-06-12 03:03:29 38 [Note] InnoDB: Mutexes and rw_locks use GCC atomic builtins
2018-06-12 03:03:29 38 [Note] InnoDB: Memory barrier is not used
2018-06-12 03:03:29 38 [Note] InnoDB: Compressed tables use zlib 1.2.3
2018-06-12 03:03:29 38 [Note] InnoDB: Using Linux native AIO
2018-06-12 03:03:29 38 [Note] InnoDB: Using CPU crc32 instructions
2018-06-12 03:03:29 38 [Note] InnoDB: Initializing buffer pool, size = 32.0M
2018-06-12 03:03:29 38 [Note] InnoDB: Completed initialization of buffer pool
2018-06-12 03:03:29 38 [Note] InnoDB: Highest supported file format is Barracuda.
2018-06-12 03:03:29 38 [Note] InnoDB: 128 rollback segment(s) are active.
2018-06-12 03:03:29 38 [Note] InnoDB: Waiting for purge to start
2018-06-12 03:03:30 38 [Note] InnoDB: 5.6.37 started; log sequence number 3442540
2018-06-12 03:03:30 38 [Note] Server hostname (bind-address): '*'; port: 3306
2018-06-12 03:03:30 38 [Note] IPv6 is available.
2018-06-12 03:03:30 38 [Note]   - '::' resolves to '::';
2018-06-12 03:03:30 38 [Note] Server socket created on IP: '::'.
2018-06-12 03:03:30 38 [Warning] 'user' entry 'root@e24d0b5cccc1' ignored in --skip-name-resolve mode.
2018-06-12 03:03:30 38 [Warning] 'user' entry '@e24d0b5cccc1' ignored in --skip-name-resolve mode.
2018-06-12 03:03:30 38 [Warning] 'proxies_priv' entry '@ root@e24d0b5cccc1' ignored in --skip-name-resolve mode.
2018-06-12 03:03:30 38 [Note] Event Scheduler: Loaded 0 events
2018-06-12 03:03:30 38 [Note] /usr/sbin/mysqld: ready for connections.
Version: '5.6.37'  socket: '/var/run/mysqld/mysqld.sock'  port: 3306  MySQL Community Server (GPL)
2018-06-12 06:48:16 38 [Note] /usr/sbin/mysqld: Normal shutdown

2018-06-12 06:48:16 38 [Note] Giving 0 client threads a chance to die gracefully
2018-06-12 06:48:16 38 [Note] Event Scheduler: Purging the queue. 0 events
2018-06-12 06:48:16 38 [Note] Shutting down slave threads
2018-06-12 06:48:16 38 [Note] Forcefully disconnecting 0 remaining clients
2018-06-12 06:48:16 38 [Note] Binlog end
2018-06-12 06:48:16 38 [Note] Shutting down plugin 'partition'
2018-06-12 06:48:16 38 [Note] Shutting down plugin 'INNODB_SYS_DATAFILES'
2018-06-12 06:48:16 38 [Note] Shutting down plugin 'INNODB_SYS_TABLESPACES'
2018-06-12 06:48:16 38 [Note] Shutting down plugin 'INNODB_SYS_FOREIGN_COLS'
2018-06-12 06:48:16 38 [Note] Shutting down plugin 'INNODB_SYS_FOREIGN'
2018-06-12 06:48:16 38 [Note] Shutting down plugin 'INNODB_SYS_FIELDS'
2018-06-12 06:48:16 38 [Note] Shutting down plugin 'INNODB_SYS_COLUMNS'
2018-06-12 06:48:16 38 [Note] Shutting down plugin 'INNODB_SYS_INDEXES'
2018-06-12 06:48:16 38 [Note] Shutting down plugin 'INNODB_SYS_TABLESTATS'
2018-06-12 06:48:16 38 [Note] Shutting down plugin 'INNODB_SYS_TABLES'
2018-06-12 06:48:16 38 [Note] Shutting down plugin 'INNODB_FT_INDEX_TABLE'
2018-06-12 06:48:16 38 [Note] Shutting down plugin 'INNODB_FT_INDEX_CACHE'
2018-06-12 06:48:16 38 [Note] Shutting down plugin 'INNODB_FT_CONFIG'
2018-06-12 06:48:16 38 [Note] Shutting down plugin 'INNODB_FT_BEING_DELETED'
2018-06-12 06:48:16 38 [Note] Shutting down plugin 'INNODB_FT_DELETED'
2018-06-12 06:48:16 38 [Note] Shutting down plugin 'INNODB_FT_DEFAULT_STOPWORD'
2018-06-12 06:48:16 38 [Note] Shutting down plugin 'INNODB_METRICS'
2018-06-12 06:48:16 38 [Note] Shutting down plugin 'INNODB_BUFFER_POOL_STATS'
2018-06-12 06:48:16 38 [Note] Shutting down plugin 'INNODB_BUFFER_PAGE_LRU'
2018-06-12 06:48:16 38 [Note] Shutting down plugin 'INNODB_BUFFER_PAGE'
2018-06-12 06:48:16 38 [Note] Shutting down plugin 'INNODB_CMP_PER_INDEX_RESET'
2018-06-12 06:48:16 38 [Note] Shutting down plugin 'INNODB_CMP_PER_INDEX'
2018-06-12 06:48:16 38 [Note] Shutting down plugin 'INNODB_CMPMEM_RESET'
2018-06-12 06:48:16 38 [Note] Shutting down plugin 'INNODB_CMPMEM'
2018-06-12 06:48:16 38 [Note] Shutting down plugin 'INNODB_CMP_RESET'
2018-06-12 06:48:16 38 [Note] Shutting down plugin 'INNODB_CMP'
2018-06-12 06:48:16 38 [Note] Shutting down plugin 'INNODB_LOCK_WAITS'
2018-06-12 06:48:16 38 [Note] Shutting down plugin 'INNODB_LOCKS'
2018-06-12 06:48:16 38 [Note] Shutting down plugin 'INNODB_TRX'
2018-06-12 06:48:16 38 [Note] Shutting down plugin 'InnoDB'
2018-06-12 06:48:16 38 [Note] InnoDB: FTS optimize thread exiting.
2018-06-12 06:48:16 38 [Note] InnoDB: Starting shutdown...
2018-06-12 06:48:18 38 [Note] InnoDB: Shutdown completed; log sequence number 3976116
2018-06-12 06:48:18 38 [Note] Shutting down plugin 'BLACKHOLE'
2018-06-12 06:48:18 38 [Note] Shutting down plugin 'ARCHIVE'
2018-06-12 06:48:18 38 [Note] Shutting down plugin 'PERFORMANCE_SCHEMA'
2018-06-12 06:48:18 38 [Note] Shutting down plugin 'MEMORY'
2018-06-12 06:48:18 38 [Note] Shutting down plugin 'MyISAM'
2018-06-12 06:48:18 38 [Note] Shutting down plugin 'MRG_MYISAM'
2018-06-12 06:48:18 38 [Note] Shutting down plugin 'CSV'
2018-06-12 06:48:18 38 [Note] Shutting down plugin 'sha256_password'
2018-06-12 06:48:18 38 [Note] Shutting down plugin 'mysql_old_password'
2018-06-12 06:48:18 38 [Note] Shutting down plugin 'mysql_native_password'
2018-06-12 06:48:18 38 [Note] Shutting down plugin 'binlog'
2018-06-12 06:48:18 38 [Note] /usr/sbin/mysqld: Shutdown complete

2018-06-12 08:52:45 39 [Warning] Using unique option prefix myisam-recover instead of myisam-recover-options is deprecated and will be removed in a future release. Please use the full name instead.
2018-06-12 08:52:45 39 [Note] Plugin 'FEDERATED' is disabled.
2018-06-12 08:52:45 39 [Note] InnoDB: Using atomics to ref count buffer pool pages
2018-06-12 08:52:45 39 [Note] InnoDB: The InnoDB memory heap is disabled
2018-06-12 08:52:45 39 [Note] InnoDB: Mutexes and rw_locks use GCC atomic builtins
2018-06-12 08:52:45 39 [Note] InnoDB: Memory barrier is not used
2018-06-12 08:52:45 39 [Note] InnoDB: Compressed tables use zlib 1.2.3
2018-06-12 08:52:45 39 [Note] InnoDB: Using Linux native AIO
2018-06-12 08:52:45 39 [Note] InnoDB: Using CPU crc32 instructions
2018-06-12 08:52:45 39 [Note] InnoDB: Initializing buffer pool, size = 32.0M
2018-06-12 08:52:45 39 [Note] InnoDB: Completed initialization of buffer pool
2018-06-12 08:52:45 39 [Note] InnoDB: Highest supported file format is Barracuda.
2018-06-12 08:52:46 39 [Note] InnoDB: 128 rollback segment(s) are active.
2018-06-12 08:52:46 39 [Note] InnoDB: Waiting for purge to start
2018-06-12 08:52:46 39 [Note] InnoDB: 5.6.37 started; log sequence number 3976116
2018-06-12 08:52:46 39 [Note] Server hostname (bind-address): '*'; port: 3306
2018-06-12 08:52:46 39 [Note] IPv6 is available.
2018-06-12 08:52:46 39 [Note]   - '::' resolves to '::';
2018-06-12 08:52:46 39 [Note] Server socket created on IP: '::'.
2018-06-12 08:52:46 39 [Warning] 'user' entry 'root@e24d0b5cccc1' ignored in --skip-name-resolve mode.
2018-06-12 08:52:46 39 [Warning] 'user' entry '@e24d0b5cccc1' ignored in --skip-name-resolve mode.
2018-06-12 08:52:46 39 [Warning] 'proxies_priv' entry '@ root@e24d0b5cccc1' ignored in --skip-name-resolve mode.
2018-06-12 08:52:46 39 [Note] Event Scheduler: Loaded 0 events
2018-06-12 08:52:46 39 [Note] /usr/sbin/mysqld: ready for connections.
Version: '5.6.37'  socket: '/var/run/mysqld/mysqld.sock'  port: 3306  MySQL Community Server (GPL)
2018-06-12 10:30:11 39 [Note] /usr/sbin/mysqld: Normal shutdown

2018-06-12 10:30:11 39 [Note] Giving 0 client threads a chance to die gracefully
2018-06-12 10:30:11 39 [Note] Event Scheduler: Purging the queue. 0 events
2018-06-12 10:30:11 39 [Note] Shutting down slave threads
2018-06-12 10:30:11 39 [Note] Forcefully disconnecting 0 remaining clients
2018-06-12 10:30:11 39 [Note] Binlog end
2018-06-12 10:30:11 39 [Note] Shutting down plugin 'partition'
2018-06-12 10:30:11 39 [Note] Shutting down plugin 'INNODB_SYS_DATAFILES'
2018-06-12 10:30:11 39 [Note] Shutting down plugin 'INNODB_SYS_TABLESPACES'
2018-06-12 10:30:11 39 [Note] Shutting down plugin 'INNODB_SYS_FOREIGN_COLS'
2018-06-12 10:30:11 39 [Note] Shutting down plugin 'INNODB_SYS_FOREIGN'
2018-06-12 10:30:11 39 [Note] Shutting down plugin 'INNODB_SYS_FIELDS'
2018-06-12 10:30:11 39 [Note] Shutting down plugin 'INNODB_SYS_COLUMNS'
2018-06-12 10:30:11 39 [Note] Shutting down plugin 'INNODB_SYS_INDEXES'
2018-06-12 10:30:11 39 [Note] Shutting down plugin 'INNODB_SYS_TABLESTATS'
2018-06-12 10:30:11 39 [Note] Shutting down plugin 'INNODB_SYS_TABLES'
2018-06-12 10:30:11 39 [Note] Shutting down plugin 'INNODB_FT_INDEX_TABLE'
2018-06-12 10:30:11 39 [Note] Shutting down plugin 'INNODB_FT_INDEX_CACHE'
2018-06-12 10:30:11 39 [Note] Shutting down plugin 'INNODB_FT_CONFIG'
2018-06-12 10:30:11 39 [Note] Shutting down plugin 'INNODB_FT_BEING_DELETED'
2018-06-12 10:30:11 39 [Note] Shutting down plugin 'INNODB_FT_DELETED'
2018-06-12 10:30:11 39 [Note] Shutting down plugin 'INNODB_FT_DEFAULT_STOPWORD'
2018-06-12 10:30:11 39 [Note] Shutting down plugin 'INNODB_METRICS'
2018-06-12 10:30:11 39 [Note] Shutting down plugin 'INNODB_BUFFER_POOL_STATS'
2018-06-12 10:30:11 39 [Note] Shutting down plugin 'INNODB_BUFFER_PAGE_LRU'
2018-06-12 10:30:11 39 [Note] Shutting down plugin 'INNODB_BUFFER_PAGE'
2018-06-12 10:30:11 39 [Note] Shutting down plugin 'INNODB_CMP_PER_INDEX_RESET'
2018-06-12 10:30:11 39 [Note] Shutting down plugin 'INNODB_CMP_PER_INDEX'
2018-06-12 10:30:11 39 [Note] Shutting down plugin 'INNODB_CMPMEM_RESET'
2018-06-12 10:30:11 39 [Note] Shutting down plugin 'INNODB_CMPMEM'
2018-06-12 10:30:11 39 [Note] Shutting down plugin 'INNODB_CMP_RESET'
2018-06-12 10:30:11 39 [Note] Shutting down plugin 'INNODB_CMP'
2018-06-12 10:30:11 39 [Note] Shutting down plugin 'INNODB_LOCK_WAITS'
2018-06-12 10:30:11 39 [Note] Shutting down plugin 'INNODB_LOCKS'
2018-06-12 10:30:11 39 [Note] Shutting down plugin 'INNODB_TRX'
2018-06-12 10:30:11 39 [Note] Shutting down plugin 'InnoDB'
2018-06-12 10:30:11 39 [Note] InnoDB: FTS optimize thread exiting.
2018-06-12 10:30:11 39 [Note] InnoDB: Starting shutdown...
2018-06-12 10:30:12 39 [Note] InnoDB: Shutdown completed; log sequence number 4032247
2018-06-12 10:30:12 39 [Note] Shutting down plugin 'BLACKHOLE'
2018-06-12 10:30:12 39 [Note] Shutting down plugin 'ARCHIVE'
2018-06-12 10:30:12 39 [Note] Shutting down plugin 'PERFORMANCE_SCHEMA'
2018-06-12 10:30:12 39 [Note] Shutting down plugin 'MEMORY'
2018-06-12 10:30:12 39 [Note] Shutting down plugin 'MyISAM'
2018-06-12 10:30:12 39 [Note] Shutting down plugin 'MRG_MYISAM'
2018-06-12 10:30:12 39 [Note] Shutting down plugin 'CSV'
2018-06-12 10:30:12 39 [Note] Shutting down plugin 'sha256_password'
2018-06-12 10:30:12 39 [Note] Shutting down plugin 'mysql_old_password'
2018-06-12 10:30:12 39 [Note] Shutting down plugin 'mysql_native_password'
2018-06-12 10:30:12 39 [Note] Shutting down plugin 'binlog'
2018-06-12 10:30:12 39 [Note] /usr/sbin/mysqld: Shutdown complete

2018-06-15 02:50:55 39 [Warning] Using unique option prefix myisam-recover instead of myisam-recover-options is deprecated and will be removed in a future release. Please use the full name instead.
2018-06-15 02:50:55 39 [Note] Plugin 'FEDERATED' is disabled.
2018-06-15 02:50:55 39 [Note] InnoDB: Using atomics to ref count buffer pool pages
2018-06-15 02:50:55 39 [Note] InnoDB: The InnoDB memory heap is disabled
2018-06-15 02:50:55 39 [Note] InnoDB: Mutexes and rw_locks use GCC atomic builtins
2018-06-15 02:50:55 39 [Note] InnoDB: Memory barrier is not used
2018-06-15 02:50:55 39 [Note] InnoDB: Compressed tables use zlib 1.2.3
2018-06-15 02:50:55 39 [Note] InnoDB: Using Linux native AIO
2018-06-15 02:50:55 39 [Note] InnoDB: Using CPU crc32 instructions
2018-06-15 02:50:55 39 [Note] InnoDB: Initializing buffer pool, size = 32.0M
2018-06-15 02:50:55 39 [Note] InnoDB: Completed initialization of buffer pool
2018-06-15 02:50:55 39 [Note] InnoDB: Highest supported file format is Barracuda.
2018-06-15 02:50:55 39 [Note] InnoDB: 128 rollback segment(s) are active.
2018-06-15 02:50:55 39 [Note] InnoDB: Waiting for purge to start
2018-06-15 02:50:55 39 [Note] InnoDB: 5.6.37 started; log sequence number 4032247
2018-06-15 02:50:55 39 [Note] Server hostname (bind-address): '*'; port: 3306
2018-06-15 02:50:55 39 [Note] IPv6 is available.
2018-06-15 02:50:55 39 [Note]   - '::' resolves to '::';
2018-06-15 02:50:55 39 [Note] Server socket created on IP: '::'.
2018-06-15 02:50:55 39 [Warning] 'user' entry 'root@e24d0b5cccc1' ignored in --skip-name-resolve mode.
2018-06-15 02:50:55 39 [Warning] 'user' entry '@e24d0b5cccc1' ignored in --skip-name-resolve mode.
2018-06-15 02:50:55 39 [Warning] 'proxies_priv' entry '@ root@e24d0b5cccc1' ignored in --skip-name-resolve mode.
2018-06-15 02:50:55 39 [Note] Event Scheduler: Loaded 0 events
2018-06-15 02:50:55 39 [Note] /usr/sbin/mysqld: ready for connections.
Version: '5.6.37'  socket: '/var/run/mysqld/mysqld.sock'  port: 3306  MySQL Community Server (GPL)
2018-06-18 02:02:48 19 [Warning] Using unique option prefix myisam-recover instead of myisam-recover-options is deprecated and will be removed in a future release. Please use the full name instead.
2018-06-18 02:02:48 19 [Note] Plugin 'FEDERATED' is disabled.
2018-06-18 02:02:48 19 [Note] InnoDB: Using atomics to ref count buffer pool pages
2018-06-18 02:02:48 19 [Note] InnoDB: The InnoDB memory heap is disabled
2018-06-18 02:02:48 19 [Note] InnoDB: Mutexes and rw_locks use GCC atomic builtins
2018-06-18 02:02:48 19 [Note] InnoDB: Memory barrier is not used
2018-06-18 02:02:48 19 [Note] InnoDB: Compressed tables use zlib 1.2.3
2018-06-18 02:02:48 19 [Note] InnoDB: Using Linux native AIO
2018-06-18 02:02:48 19 [Note] InnoDB: Using CPU crc32 instructions
2018-06-18 02:02:48 19 [Note] InnoDB: Initializing buffer pool, size = 32.0M
2018-06-18 02:02:48 19 [Note] InnoDB: Completed initialization of buffer pool
2018-06-18 02:02:48 19 [Note] InnoDB: Highest supported file format is Barracuda.
2018-06-18 02:02:48 19 [Note] InnoDB: The log sequence numbers 4032247 and 4032247 in ibdata files do not match the log sequence number 4093252 in the ib_logfiles!
2018-06-18 02:02:48 19 [Note] InnoDB: Database was not shutdown normally!
2018-06-18 02:02:48 19 [Note] InnoDB: Starting crash recovery.
2018-06-18 02:02:48 19 [Note] InnoDB: Reading tablespace information from the .ibd files...
2018-06-18 02:02:48 19 [Note] InnoDB: Restoring possible half-written data pages 
2018-06-18 02:02:48 19 [Note] InnoDB: from the doublewrite buffer...
2018-06-18 02:02:48 19 [Note] InnoDB: 128 rollback segment(s) are active.
2018-06-18 02:02:48 19 [Note] InnoDB: Waiting for purge to start
2018-06-18 02:02:48 19 [Note] InnoDB: 5.6.37 started; log sequence number 4093252
2018-06-18 02:02:48 19 [Note] Server hostname (bind-address): '*'; port: 3306
2018-06-18 02:02:48 19 [Note] IPv6 is available.
2018-06-18 02:02:48 19 [Note]   - '::' resolves to '::';
2018-06-18 02:02:48 19 [Note] Server socket created on IP: '::'.
2018-06-18 02:02:48 19 [Warning] 'user' entry 'root@e24d0b5cccc1' ignored in --skip-name-resolve mode.
2018-06-18 02:02:48 19 [Warning] 'user' entry '@e24d0b5cccc1' ignored in --skip-name-resolve mode.
2018-06-18 02:02:48 19 [Warning] 'proxies_priv' entry '@ root@e24d0b5cccc1' ignored in --skip-name-resolve mode.
2018-06-18 02:02:48 19 [Note] Event Scheduler: Loaded 0 events
2018-06-18 02:02:48 19 [Note] /usr/sbin/mysqld: ready for connections.
Version: '5.6.37'  socket: '/var/run/mysqld/mysqld.sock'  port: 3306  MySQL Community Server (GPL)
2018-06-18 08:53:37 39 [Warning] Using unique option prefix myisam-recover instead of myisam-recover-options is deprecated and will be removed in a future release. Please use the full name instead.
2018-06-18 08:53:37 39 [Note] Plugin 'FEDERATED' is disabled.
2018-06-18 08:53:37 39 [Note] InnoDB: Using atomics to ref count buffer pool pages
2018-06-18 08:53:37 39 [Note] InnoDB: The InnoDB memory heap is disabled
2018-06-18 08:53:37 39 [Note] InnoDB: Mutexes and rw_locks use GCC atomic builtins
2018-06-18 08:53:37 39 [Note] InnoDB: Memory barrier is not used
2018-06-18 08:53:37 39 [Note] InnoDB: Compressed tables use zlib 1.2.3
2018-06-18 08:53:37 39 [Note] InnoDB: Using Linux native AIO
2018-06-18 08:53:37 39 [Note] InnoDB: Using CPU crc32 instructions
2018-06-18 08:53:37 39 [Note] InnoDB: Initializing buffer pool, size = 32.0M
2018-06-18 08:53:37 39 [Note] InnoDB: Completed initialization of buffer pool
2018-06-18 08:53:38 39 [Note] InnoDB: Highest supported file format is Barracuda.
2018-06-18 08:53:38 39 [Note] InnoDB: The log sequence numbers 4032247 and 4032247 in ibdata files do not match the log sequence number 4721770 in the ib_logfiles!
2018-06-18 08:53:38 39 [Note] InnoDB: Database was not shutdown normally!
2018-06-18 08:53:38 39 [Note] InnoDB: Starting crash recovery.
2018-06-18 08:53:38 39 [Note] InnoDB: Reading tablespace information from the .ibd files...
2018-06-18 08:53:38 39 [Note] InnoDB: Restoring possible half-written data pages 
2018-06-18 08:53:38 39 [Note] InnoDB: from the doublewrite buffer...
2018-06-18 08:53:38 39 [Note] InnoDB: 128 rollback segment(s) are active.
2018-06-18 08:53:38 39 [Note] InnoDB: Waiting for purge to start
2018-06-18 08:53:38 39 [Note] InnoDB: 5.6.37 started; log sequence number 4721770
2018-06-18 08:53:38 39 [Note] Server hostname (bind-address): '*'; port: 3306
2018-06-18 08:53:38 39 [Note] IPv6 is available.
2018-06-18 08:53:38 39 [Note]   - '::' resolves to '::';
2018-06-18 08:53:38 39 [Note] Server socket created on IP: '::'.
2018-06-18 08:53:38 39 [Warning] 'user' entry 'root@e24d0b5cccc1' ignored in --skip-name-resolve mode.
2018-06-18 08:53:38 39 [Warning] 'user' entry '@e24d0b5cccc1' ignored in --skip-name-resolve mode.
2018-06-18 08:53:38 39 [Warning] 'proxies_priv' entry '@ root@e24d0b5cccc1' ignored in --skip-name-resolve mode.
2018-06-18 08:53:38 39 [Note] Event Scheduler: Loaded 0 events
2018-06-18 08:53:38 39 [Note] /usr/sbin/mysqld: ready for connections.
Version: '5.6.37'  socket: '/var/run/mysqld/mysqld.sock'  port: 3306  MySQL Community Server (GPL)
2018-06-19 02:07:07 19 [Warning] Using unique option prefix myisam-recover instead of myisam-recover-options is deprecated and will be removed in a future release. Please use the full name instead.
2018-06-19 02:07:07 19 [Note] Plugin 'FEDERATED' is disabled.
2018-06-19 02:07:07 19 [Note] InnoDB: Using atomics to ref count buffer pool pages
2018-06-19 02:07:07 19 [Note] InnoDB: The InnoDB memory heap is disabled
2018-06-19 02:07:07 19 [Note] InnoDB: Mutexes and rw_locks use GCC atomic builtins
2018-06-19 02:07:07 19 [Note] InnoDB: Memory barrier is not used
2018-06-19 02:07:07 19 [Note] InnoDB: Compressed tables use zlib 1.2.3
2018-06-19 02:07:07 19 [Note] InnoDB: Using Linux native AIO
2018-06-19 02:07:07 19 [Note] InnoDB: Using CPU crc32 instructions
2018-06-19 02:07:07 19 [Note] InnoDB: Initializing buffer pool, size = 32.0M
2018-06-19 02:07:07 19 [Note] InnoDB: Completed initialization of buffer pool
2018-06-19 02:07:07 19 [Note] InnoDB: Highest supported file format is Barracuda.
2018-06-19 02:07:07 19 [Note] InnoDB: The log sequence numbers 4032247 and 4032247 in ibdata files do not match the log sequence number 4892549 in the ib_logfiles!
2018-06-19 02:07:07 19 [Note] InnoDB: Database was not shutdown normally!
2018-06-19 02:07:07 19 [Note] InnoDB: Starting crash recovery.
2018-06-19 02:07:07 19 [Note] InnoDB: Reading tablespace information from the .ibd files...
2018-06-19 02:07:07 19 [Note] InnoDB: Restoring possible half-written data pages 
2018-06-19 02:07:07 19 [Note] InnoDB: from the doublewrite buffer...
2018-06-19 02:07:07 19 [Note] InnoDB: 128 rollback segment(s) are active.
2018-06-19 02:07:07 19 [Note] InnoDB: Waiting for purge to start
2018-06-19 02:07:07 19 [Note] InnoDB: 5.6.37 started; log sequence number 4892549
2018-06-19 02:07:07 19 [Note] Server hostname (bind-address): '*'; port: 3306
2018-06-19 02:07:07 19 [Note] IPv6 is available.
2018-06-19 02:07:07 19 [Note]   - '::' resolves to '::';
2018-06-19 02:07:07 19 [Note] Server socket created on IP: '::'.
2018-06-19 02:07:07 19 [Warning] 'user' entry 'root@e24d0b5cccc1' ignored in --skip-name-resolve mode.
2018-06-19 02:07:07 19 [Warning] 'user' entry '@e24d0b5cccc1' ignored in --skip-name-resolve mode.
2018-06-19 02:07:07 19 [Warning] 'proxies_priv' entry '@ root@e24d0b5cccc1' ignored in --skip-name-resolve mode.
2018-06-19 02:07:07 19 [Note] Event Scheduler: Loaded 0 events
2018-06-19 02:07:07 19 [Note] /usr/sbin/mysqld: ready for connections.
Version: '5.6.37'  socket: '/var/run/mysqld/mysqld.sock'  port: 3306  MySQL Community Server (GPL)
2018-06-19 07:28:37 19 [Note] /usr/sbin/mysqld: Normal shutdown

2018-06-19 07:28:37 19 [Note] Giving 0 client threads a chance to die gracefully
2018-06-19 07:28:37 19 [Note] Event Scheduler: Purging the queue. 0 events
2018-06-19 07:28:37 19 [Note] Shutting down slave threads
2018-06-19 07:28:37 19 [Note] Forcefully disconnecting 0 remaining clients
2018-06-19 07:28:37 19 [Note] Binlog end
2018-06-19 07:28:37 19 [Note] Shutting down plugin 'partition'
2018-06-19 07:28:37 19 [Note] Shutting down plugin 'INNODB_SYS_DATAFILES'
2018-06-19 07:28:37 19 [Note] Shutting down plugin 'INNODB_SYS_TABLESPACES'
2018-06-19 07:28:37 19 [Note] Shutting down plugin 'INNODB_SYS_FOREIGN_COLS'
2018-06-19 07:28:37 19 [Note] Shutting down plugin 'INNODB_SYS_FOREIGN'
2018-06-19 07:28:37 19 [Note] Shutting down plugin 'INNODB_SYS_FIELDS'
2018-06-19 07:28:37 19 [Note] Shutting down plugin 'INNODB_SYS_COLUMNS'
2018-06-19 07:28:37 19 [Note] Shutting down plugin 'INNODB_SYS_INDEXES'
2018-06-19 07:28:37 19 [Note] Shutting down plugin 'INNODB_SYS_TABLESTATS'
2018-06-19 07:28:37 19 [Note] Shutting down plugin 'INNODB_SYS_TABLES'
2018-06-19 07:28:37 19 [Note] Shutting down plugin 'INNODB_FT_INDEX_TABLE'
2018-06-19 07:28:37 19 [Note] Shutting down plugin 'INNODB_FT_INDEX_CACHE'
2018-06-19 07:28:37 19 [Note] Shutting down plugin 'INNODB_FT_CONFIG'
2018-06-19 07:28:37 19 [Note] Shutting down plugin 'INNODB_FT_BEING_DELETED'
2018-06-19 07:28:37 19 [Note] Shutting down plugin 'INNODB_FT_DELETED'
2018-06-19 07:28:37 19 [Note] Shutting down plugin 'INNODB_FT_DEFAULT_STOPWORD'
2018-06-19 07:28:37 19 [Note] Shutting down plugin 'INNODB_METRICS'
2018-06-19 07:28:37 19 [Note] Shutting down plugin 'INNODB_BUFFER_POOL_STATS'
2018-06-19 07:28:37 19 [Note] Shutting down plugin 'INNODB_BUFFER_PAGE_LRU'
2018-06-19 07:28:37 19 [Note] Shutting down plugin 'INNODB_BUFFER_PAGE'
2018-06-19 07:28:37 19 [Note] Shutting down plugin 'INNODB_CMP_PER_INDEX_RESET'
2018-06-19 07:28:37 19 [Note] Shutting down plugin 'INNODB_CMP_PER_INDEX'
2018-06-19 07:28:37 19 [Note] Shutting down plugin 'INNODB_CMPMEM_RESET'
2018-06-19 07:28:37 19 [Note] Shutting down plugin 'INNODB_CMPMEM'
2018-06-19 07:28:37 19 [Note] Shutting down plugin 'INNODB_CMP_RESET'
2018-06-19 07:28:37 19 [Note] Shutting down plugin 'INNODB_CMP'
2018-06-19 07:28:37 19 [Note] Shutting down plugin 'INNODB_LOCK_WAITS'
2018-06-19 07:28:37 19 [Note] Shutting down plugin 'INNODB_LOCKS'
2018-06-19 07:28:37 19 [Note] Shutting down plugin 'INNODB_TRX'
2018-06-19 07:28:37 19 [Note] Shutting down plugin 'InnoDB'
2018-06-19 07:28:37 19 [Note] InnoDB: FTS optimize thread exiting.
2018-06-19 07:28:37 19 [Note] InnoDB: Starting shutdown...
2018-06-19 07:28:38 19 [Note] InnoDB: Shutdown completed; log sequence number 5313084
2018-06-19 07:28:38 19 [Note] Shutting down plugin 'BLACKHOLE'
2018-06-19 07:28:38 19 [Note] Shutting down plugin 'ARCHIVE'
2018-06-19 07:28:38 19 [Note] Shutting down plugin 'PERFORMANCE_SCHEMA'
2018-06-19 07:28:38 19 [Note] Shutting down plugin 'MEMORY'
2018-06-19 07:28:38 19 [Note] Shutting down plugin 'MyISAM'
2018-06-19 07:28:38 19 [Note] Shutting down plugin 'MRG_MYISAM'
2018-06-19 07:28:38 19 [Note] Shutting down plugin 'CSV'
2018-06-19 07:28:38 19 [Note] Shutting down plugin 'sha256_password'
2018-06-19 07:28:38 19 [Note] Shutting down plugin 'mysql_old_password'
2018-06-19 07:28:38 19 [Note] Shutting down plugin 'mysql_native_password'
2018-06-19 07:28:38 19 [Note] Shutting down plugin 'binlog'
2018-06-19 07:28:38 19 [Note] /usr/sbin/mysqld: Shutdown complete

2018-06-19 09:05:15 21 [Warning] Using unique option prefix myisam-recover instead of myisam-recover-options is deprecated and will be removed in a future release. Please use the full name instead.
2018-06-19 09:05:15 21 [Note] Plugin 'FEDERATED' is disabled.
2018-06-19 09:05:15 21 [Note] InnoDB: Using atomics to ref count buffer pool pages
2018-06-19 09:05:15 21 [Note] InnoDB: The InnoDB memory heap is disabled
2018-06-19 09:05:15 21 [Note] InnoDB: Mutexes and rw_locks use GCC atomic builtins
2018-06-19 09:05:15 21 [Note] InnoDB: Memory barrier is not used
2018-06-19 09:05:15 21 [Note] InnoDB: Compressed tables use zlib 1.2.3
2018-06-19 09:05:15 21 [Note] InnoDB: Using Linux native AIO
2018-06-19 09:05:15 21 [Note] InnoDB: Using CPU crc32 instructions
2018-06-19 09:05:15 21 [Note] InnoDB: Initializing buffer pool, size = 32.0M
2018-06-19 09:05:15 21 [Note] InnoDB: Completed initialization of buffer pool
2018-06-19 09:05:15 21 [Note] InnoDB: Highest supported file format is Barracuda.
2018-06-19 09:05:16 21 [Note] InnoDB: 128 rollback segment(s) are active.
2018-06-19 09:05:16 21 [Note] InnoDB: Waiting for purge to start
2018-06-19 09:05:16 21 [Note] InnoDB: 5.6.37 started; log sequence number 5313084
2018-06-19 09:05:16 21 [Note] Server hostname (bind-address): '*'; port: 3306
2018-06-19 09:05:16 21 [Note] IPv6 is available.
2018-06-19 09:05:16 21 [Note]   - '::' resolves to '::';
2018-06-19 09:05:16 21 [Note] Server socket created on IP: '::'.
2018-06-19 09:05:16 21 [Warning] 'user' entry 'root@e24d0b5cccc1' ignored in --skip-name-resolve mode.
2018-06-19 09:05:16 21 [Warning] 'user' entry '@e24d0b5cccc1' ignored in --skip-name-resolve mode.
2018-06-19 09:05:16 21 [Warning] 'proxies_priv' entry '@ root@e24d0b5cccc1' ignored in --skip-name-resolve mode.
2018-06-19 09:05:16 21 [Note] Event Scheduler: Loaded 0 events
2018-06-19 09:05:16 21 [Note] /usr/sbin/mysqld: ready for connections.
Version: '5.6.37'  socket: '/var/run/mysqld/mysqld.sock'  port: 3306  MySQL Community Server (GPL)
2018-06-19 09:54:40 21 [Note] /usr/sbin/mysqld: Normal shutdown

2018-06-19 09:54:40 21 [Note] Giving 0 client threads a chance to die gracefully
2018-06-19 09:54:40 21 [Note] Event Scheduler: Purging the queue. 0 events
2018-06-19 09:54:40 21 [Note] Shutting down slave threads
2018-06-19 09:54:40 21 [Note] Forcefully disconnecting 0 remaining clients
2018-06-19 09:54:40 21 [Note] Binlog end
2018-06-19 09:54:40 21 [Note] Shutting down plugin 'partition'
2018-06-19 09:54:40 21 [Note] Shutting down plugin 'INNODB_SYS_DATAFILES'
2018-06-19 09:54:40 21 [Note] Shutting down plugin 'INNODB_SYS_TABLESPACES'
2018-06-19 09:54:40 21 [Note] Shutting down plugin 'INNODB_SYS_FOREIGN_COLS'
2018-06-19 09:54:40 21 [Note] Shutting down plugin 'INNODB_SYS_FOREIGN'
2018-06-19 09:54:40 21 [Note] Shutting down plugin 'INNODB_SYS_FIELDS'
2018-06-19 09:54:40 21 [Note] Shutting down plugin 'INNODB_SYS_COLUMNS'
2018-06-19 09:54:40 21 [Note] Shutting down plugin 'INNODB_SYS_INDEXES'
2018-06-19 09:54:40 21 [Note] Shutting down plugin 'INNODB_SYS_TABLESTATS'
2018-06-19 09:54:40 21 [Note] Shutting down plugin 'INNODB_SYS_TABLES'
2018-06-19 09:54:40 21 [Note] Shutting down plugin 'INNODB_FT_INDEX_TABLE'
2018-06-19 09:54:40 21 [Note] Shutting down plugin 'INNODB_FT_INDEX_CACHE'
2018-06-19 09:54:40 21 [Note] Shutting down plugin 'INNODB_FT_CONFIG'
2018-06-19 09:54:40 21 [Note] Shutting down plugin 'INNODB_FT_BEING_DELETED'
2018-06-19 09:54:40 21 [Note] Shutting down plugin 'INNODB_FT_DELETED'
2018-06-19 09:54:40 21 [Note] Shutting down plugin 'INNODB_FT_DEFAULT_STOPWORD'
2018-06-19 09:54:40 21 [Note] Shutting down plugin 'INNODB_METRICS'
2018-06-19 09:54:40 21 [Note] Shutting down plugin 'INNODB_BUFFER_POOL_STATS'
2018-06-19 09:54:40 21 [Note] Shutting down plugin 'INNODB_BUFFER_PAGE_LRU'
2018-06-19 09:54:40 21 [Note] Shutting down plugin 'INNODB_BUFFER_PAGE'
2018-06-19 09:54:40 21 [Note] Shutting down plugin 'INNODB_CMP_PER_INDEX_RESET'
2018-06-19 09:54:40 21 [Note] Shutting down plugin 'INNODB_CMP_PER_INDEX'
2018-06-19 09:54:40 21 [Note] Shutting down plugin 'INNODB_CMPMEM_RESET'
2018-06-19 09:54:40 21 [Note] Shutting down plugin 'INNODB_CMPMEM'
2018-06-19 09:54:40 21 [Note] Shutting down plugin 'INNODB_CMP_RESET'
2018-06-19 09:54:40 21 [Note] Shutting down plugin 'INNODB_CMP'
2018-06-19 09:54:40 21 [Note] Shutting down plugin 'INNODB_LOCK_WAITS'
2018-06-19 09:54:40 21 [Note] Shutting down plugin 'INNODB_LOCKS'
2018-06-19 09:54:40 21 [Note] Shutting down plugin 'INNODB_TRX'
2018-06-19 09:54:40 21 [Note] Shutting down plugin 'InnoDB'
2018-06-19 09:54:40 21 [Note] InnoDB: FTS optimize thread exiting.
2018-06-19 09:54:40 21 [Note] InnoDB: Starting shutdown...
2018-06-19 09:54:42 21 [Note] InnoDB: Shutdown completed; log sequence number 5407613
2018-06-19 09:54:42 21 [Note] Shutting down plugin 'BLACKHOLE'
2018-06-19 09:54:42 21 [Note] Shutting down plugin 'ARCHIVE'
2018-06-19 09:54:42 21 [Note] Shutting down plugin 'PERFORMANCE_SCHEMA'
2018-06-19 09:54:42 21 [Note] Shutting down plugin 'MEMORY'
2018-06-19 09:54:42 21 [Note] Shutting down plugin 'MyISAM'
2018-06-19 09:54:42 21 [Note] Shutting down plugin 'MRG_MYISAM'
2018-06-19 09:54:42 21 [Note] Shutting down plugin 'CSV'
2018-06-19 09:54:42 21 [Note] Shutting down plugin 'sha256_password'
2018-06-19 09:54:42 21 [Note] Shutting down plugin 'mysql_old_password'
2018-06-19 09:54:42 21 [Note] Shutting down plugin 'mysql_native_password'
2018-06-19 09:54:42 21 [Note] Shutting down plugin 'binlog'
2018-06-19 09:54:42 21 [Note] /usr/sbin/mysqld: Shutdown complete

2018-06-20 08:29:12 19 [Warning] Using unique option prefix myisam-recover instead of myisam-recover-options is deprecated and will be removed in a future release. Please use the full name instead.
2018-06-20 08:29:12 19 [Note] Plugin 'FEDERATED' is disabled.
2018-06-20 08:29:12 19 [Note] InnoDB: Using atomics to ref count buffer pool pages
2018-06-20 08:29:12 19 [Note] InnoDB: The InnoDB memory heap is disabled
2018-06-20 08:29:12 19 [Note] InnoDB: Mutexes and rw_locks use GCC atomic builtins
2018-06-20 08:29:12 19 [Note] InnoDB: Memory barrier is not used
2018-06-20 08:29:12 19 [Note] InnoDB: Compressed tables use zlib 1.2.3
2018-06-20 08:29:12 19 [Note] InnoDB: Using Linux native AIO
2018-06-20 08:29:12 19 [Note] InnoDB: Using CPU crc32 instructions
2018-06-20 08:29:12 19 [Note] InnoDB: Initializing buffer pool, size = 32.0M
2018-06-20 08:29:12 19 [Note] InnoDB: Completed initialization of buffer pool
2018-06-20 08:29:12 19 [Note] InnoDB: Highest supported file format is Barracuda.
2018-06-20 08:29:12 19 [Note] InnoDB: 128 rollback segment(s) are active.
2018-06-20 08:29:12 19 [Note] InnoDB: Waiting for purge to start
2018-06-20 08:29:12 19 [Note] InnoDB: 5.6.37 started; log sequence number 5407613
2018-06-20 08:29:12 19 [Note] Server hostname (bind-address): '*'; port: 3306
2018-06-20 08:29:12 19 [Note] IPv6 is available.
2018-06-20 08:29:12 19 [Note]   - '::' resolves to '::';
2018-06-20 08:29:12 19 [Note] Server socket created on IP: '::'.
2018-06-20 08:29:12 19 [Warning] 'user' entry 'root@e24d0b5cccc1' ignored in --skip-name-resolve mode.
2018-06-20 08:29:12 19 [Warning] 'user' entry '@e24d0b5cccc1' ignored in --skip-name-resolve mode.
2018-06-20 08:29:12 19 [Warning] 'proxies_priv' entry '@ root@e24d0b5cccc1' ignored in --skip-name-resolve mode.
2018-06-20 08:29:12 19 [Note] Event Scheduler: Loaded 0 events
2018-06-20 08:29:12 19 [Note] /usr/sbin/mysqld: ready for connections.
Version: '5.6.37'  socket: '/var/run/mysqld/mysqld.sock'  port: 3306  MySQL Community Server (GPL)
2018-06-20 10:30:20 19 [Note] /usr/sbin/mysqld: Normal shutdown

2018-06-20 10:30:20 19 [Note] Giving 0 client threads a chance to die gracefully
2018-06-20 10:30:20 19 [Note] Event Scheduler: Purging the queue. 0 events
2018-06-20 10:30:20 19 [Note] Shutting down slave threads
2018-06-20 10:30:20 19 [Note] Forcefully disconnecting 0 remaining clients
2018-06-20 10:30:20 19 [Note] Binlog end
2018-06-20 10:30:20 19 [Note] Shutting down plugin 'partition'
2018-06-20 10:30:20 19 [Note] Shutting down plugin 'INNODB_SYS_DATAFILES'
2018-06-20 10:30:20 19 [Note] Shutting down plugin 'INNODB_SYS_TABLESPACES'
2018-06-20 10:30:20 19 [Note] Shutting down plugin 'INNODB_SYS_FOREIGN_COLS'
2018-06-20 10:30:20 19 [Note] Shutting down plugin 'INNODB_SYS_FOREIGN'
2018-06-20 10:30:20 19 [Note] Shutting down plugin 'INNODB_SYS_FIELDS'
2018-06-20 10:30:20 19 [Note] Shutting down plugin 'INNODB_SYS_COLUMNS'
2018-06-20 10:30:20 19 [Note] Shutting down plugin 'INNODB_SYS_INDEXES'
2018-06-20 10:30:20 19 [Note] Shutting down plugin 'INNODB_SYS_TABLESTATS'
2018-06-20 10:30:20 19 [Note] Shutting down plugin 'INNODB_SYS_TABLES'
2018-06-20 10:30:20 19 [Note] Shutting down plugin 'INNODB_FT_INDEX_TABLE'
2018-06-20 10:30:20 19 [Note] Shutting down plugin 'INNODB_FT_INDEX_CACHE'
2018-06-20 10:30:20 19 [Note] Shutting down plugin 'INNODB_FT_CONFIG'
2018-06-20 10:30:20 19 [Note] Shutting down plugin 'INNODB_FT_BEING_DELETED'
2018-06-20 10:30:20 19 [Note] Shutting down plugin 'INNODB_FT_DELETED'
2018-06-20 10:30:20 19 [Note] Shutting down plugin 'INNODB_FT_DEFAULT_STOPWORD'
2018-06-20 10:30:20 19 [Note] Shutting down plugin 'INNODB_METRICS'
2018-06-20 10:30:20 19 [Note] Shutting down plugin 'INNODB_BUFFER_POOL_STATS'
2018-06-20 10:30:20 19 [Note] Shutting down plugin 'INNODB_BUFFER_PAGE_LRU'
2018-06-20 10:30:20 19 [Note] Shutting down plugin 'INNODB_BUFFER_PAGE'
2018-06-20 10:30:20 19 [Note] Shutting down plugin 'INNODB_CMP_PER_INDEX_RESET'
2018-06-20 10:30:20 19 [Note] Shutting down plugin 'INNODB_CMP_PER_INDEX'
2018-06-20 10:30:20 19 [Note] Shutting down plugin 'INNODB_CMPMEM_RESET'
2018-06-20 10:30:20 19 [Note] Shutting down plugin 'INNODB_CMPMEM'
2018-06-20 10:30:20 19 [Note] Shutting down plugin 'INNODB_CMP_RESET'
2018-06-20 10:30:20 19 [Note] Shutting down plugin 'INNODB_CMP'
2018-06-20 10:30:20 19 [Note] Shutting down plugin 'INNODB_LOCK_WAITS'
2018-06-20 10:30:20 19 [Note] Shutting down plugin 'INNODB_LOCKS'
2018-06-20 10:30:20 19 [Note] Shutting down plugin 'INNODB_TRX'
2018-06-20 10:30:20 19 [Note] Shutting down plugin 'InnoDB'
2018-06-20 10:30:20 19 [Note] InnoDB: FTS optimize thread exiting.
2018-06-20 10:30:20 19 [Note] InnoDB: Starting shutdown...
2018-06-20 10:30:21 19 [Note] InnoDB: Shutdown completed; log sequence number 5929696
2018-06-20 10:30:21 19 [Note] Shutting down plugin 'BLACKHOLE'
2018-06-20 10:30:21 19 [Note] Shutting down plugin 'ARCHIVE'
2018-06-20 10:30:21 19 [Note] Shutting down plugin 'PERFORMANCE_SCHEMA'
2018-06-20 10:30:21 19 [Note] Shutting down plugin 'MEMORY'
2018-06-20 10:30:21 19 [Note] Shutting down plugin 'MyISAM'
2018-06-20 10:30:21 19 [Note] Shutting down plugin 'MRG_MYISAM'
2018-06-20 10:30:21 19 [Note] Shutting down plugin 'CSV'
2018-06-20 10:30:21 19 [Note] Shutting down plugin 'sha256_password'
2018-06-20 10:30:21 19 [Note] Shutting down plugin 'mysql_old_password'
2018-06-20 10:30:21 19 [Note] Shutting down plugin 'mysql_native_password'
2018-06-20 10:30:21 19 [Note] Shutting down plugin 'binlog'
2018-06-20 10:30:21 19 [Note] /usr/sbin/mysqld: Shutdown complete

2018-06-21 03:16:05 21 [Warning] Using unique option prefix myisam-recover instead of myisam-recover-options is deprecated and will be removed in a future release. Please use the full name instead.
2018-06-21 03:16:05 21 [Note] Plugin 'FEDERATED' is disabled.
2018-06-21 03:16:05 21 [Note] InnoDB: Using atomics to ref count buffer pool pages
2018-06-21 03:16:05 21 [Note] InnoDB: The InnoDB memory heap is disabled
2018-06-21 03:16:05 21 [Note] InnoDB: Mutexes and rw_locks use GCC atomic builtins
2018-06-21 03:16:05 21 [Note] InnoDB: Memory barrier is not used
2018-06-21 03:16:05 21 [Note] InnoDB: Compressed tables use zlib 1.2.3
2018-06-21 03:16:05 21 [Note] InnoDB: Using Linux native AIO
2018-06-21 03:16:05 21 [Note] InnoDB: Using CPU crc32 instructions
2018-06-21 03:16:05 21 [Note] InnoDB: Initializing buffer pool, size = 32.0M
2018-06-21 03:16:05 21 [Note] InnoDB: Completed initialization of buffer pool
2018-06-21 03:16:06 21 [Note] InnoDB: Highest supported file format is Barracuda.
2018-06-21 03:16:06 21 [Note] InnoDB: 128 rollback segment(s) are active.
2018-06-21 03:16:06 21 [Note] InnoDB: Waiting for purge to start
2018-06-21 03:16:06 21 [Note] InnoDB: 5.6.37 started; log sequence number 5929696
2018-06-21 03:16:06 21 [Note] Server hostname (bind-address): '*'; port: 3306
2018-06-21 03:16:06 21 [Note] IPv6 is available.
2018-06-21 03:16:06 21 [Note]   - '::' resolves to '::';
2018-06-21 03:16:06 21 [Note] Server socket created on IP: '::'.
2018-06-21 03:16:06 21 [Warning] 'user' entry 'root@e24d0b5cccc1' ignored in --skip-name-resolve mode.
2018-06-21 03:16:06 21 [Warning] 'user' entry '@e24d0b5cccc1' ignored in --skip-name-resolve mode.
2018-06-21 03:16:06 21 [Warning] 'proxies_priv' entry '@ root@e24d0b5cccc1' ignored in --skip-name-resolve mode.
2018-06-21 03:16:06 21 [Note] Event Scheduler: Loaded 0 events
2018-06-21 03:16:06 21 [Note] /usr/sbin/mysqld: ready for connections.
Version: '5.6.37'  socket: '/var/run/mysqld/mysqld.sock'  port: 3306  MySQL Community Server (GPL)
2018-06-21 06:36:17 21 [Note] /usr/sbin/mysqld: Normal shutdown

2018-06-21 06:36:17 21 [Note] Giving 0 client threads a chance to die gracefully
2018-06-21 06:36:17 21 [Note] Event Scheduler: Purging the queue. 0 events
2018-06-21 06:36:17 21 [Note] Shutting down slave threads
2018-06-21 06:36:17 21 [Note] Forcefully disconnecting 0 remaining clients
2018-06-21 06:36:17 21 [Note] Binlog end
2018-06-21 06:36:17 21 [Note] Shutting down plugin 'partition'
2018-06-21 06:36:17 21 [Note] Shutting down plugin 'INNODB_SYS_DATAFILES'
2018-06-21 06:36:17 21 [Note] Shutting down plugin 'INNODB_SYS_TABLESPACES'
2018-06-21 06:36:17 21 [Note] Shutting down plugin 'INNODB_SYS_FOREIGN_COLS'
2018-06-21 06:36:17 21 [Note] Shutting down plugin 'INNODB_SYS_FOREIGN'
2018-06-21 06:36:17 21 [Note] Shutting down plugin 'INNODB_SYS_FIELDS'
2018-06-21 06:36:17 21 [Note] Shutting down plugin 'INNODB_SYS_COLUMNS'
2018-06-21 06:36:17 21 [Note] Shutting down plugin 'INNODB_SYS_INDEXES'
2018-06-21 06:36:17 21 [Note] Shutting down plugin 'INNODB_SYS_TABLESTATS'
2018-06-21 06:36:17 21 [Note] Shutting down plugin 'INNODB_SYS_TABLES'
2018-06-21 06:36:17 21 [Note] Shutting down plugin 'INNODB_FT_INDEX_TABLE'
2018-06-21 06:36:17 21 [Note] Shutting down plugin 'INNODB_FT_INDEX_CACHE'
2018-06-21 06:36:17 21 [Note] Shutting down plugin 'INNODB_FT_CONFIG'
2018-06-21 06:36:17 21 [Note] Shutting down plugin 'INNODB_FT_BEING_DELETED'
2018-06-21 06:36:17 21 [Note] Shutting down plugin 'INNODB_FT_DELETED'
2018-06-21 06:36:17 21 [Note] Shutting down plugin 'INNODB_FT_DEFAULT_STOPWORD'
2018-06-21 06:36:17 21 [Note] Shutting down plugin 'INNODB_METRICS'
2018-06-21 06:36:17 21 [Note] Shutting down plugin 'INNODB_BUFFER_POOL_STATS'
2018-06-21 06:36:17 21 [Note] Shutting down plugin 'INNODB_BUFFER_PAGE_LRU'
2018-06-21 06:36:17 21 [Note] Shutting down plugin 'INNODB_BUFFER_PAGE'
2018-06-21 06:36:17 21 [Note] Shutting down plugin 'INNODB_CMP_PER_INDEX_RESET'
2018-06-21 06:36:17 21 [Note] Shutting down plugin 'INNODB_CMP_PER_INDEX'
2018-06-21 06:36:17 21 [Note] Shutting down plugin 'INNODB_CMPMEM_RESET'
2018-06-21 06:36:17 21 [Note] Shutting down plugin 'INNODB_CMPMEM'
2018-06-21 06:36:17 21 [Note] Shutting down plugin 'INNODB_CMP_RESET'
2018-06-21 06:36:17 21 [Note] Shutting down plugin 'INNODB_CMP'
2018-06-21 06:36:17 21 [Note] Shutting down plugin 'INNODB_LOCK_WAITS'
2018-06-21 06:36:17 21 [Note] Shutting down plugin 'INNODB_LOCKS'
2018-06-21 06:36:17 21 [Note] Shutting down plugin 'INNODB_TRX'
2018-06-21 06:36:17 21 [Note] Shutting down plugin 'InnoDB'
2018-06-21 06:36:17 21 [Note] InnoDB: FTS optimize thread exiting.
2018-06-21 06:36:17 21 [Note] InnoDB: Starting shutdown...
2018-06-21 06:36:19 21 [Note] InnoDB: Shutdown completed; log sequence number 6319197
2018-06-21 06:36:19 21 [Note] Shutting down plugin 'BLACKHOLE'
2018-06-21 06:36:19 21 [Note] Shutting down plugin 'ARCHIVE'
2018-06-21 06:36:19 21 [Note] Shutting down plugin 'PERFORMANCE_SCHEMA'
2018-06-21 06:36:19 21 [Note] Shutting down plugin 'MEMORY'
2018-06-21 06:36:19 21 [Note] Shutting down plugin 'MyISAM'
2018-06-21 06:36:19 21 [Note] Shutting down plugin 'MRG_MYISAM'
2018-06-21 06:36:19 21 [Note] Shutting down plugin 'CSV'
2018-06-21 06:36:19 21 [Note] Shutting down plugin 'sha256_password'
2018-06-21 06:36:19 21 [Note] Shutting down plugin 'mysql_old_password'
2018-06-21 06:36:19 21 [Note] Shutting down plugin 'mysql_native_password'
2018-06-21 06:36:19 21 [Note] Shutting down plugin 'binlog'
2018-06-21 06:36:19 21 [Note] /usr/sbin/mysqld: Shutdown complete

2018-06-22 03:14:18 21 [Warning] Using unique option prefix myisam-recover instead of myisam-recover-options is deprecated and will be removed in a future release. Please use the full name instead.
2018-06-22 03:14:18 21 [Note] Plugin 'FEDERATED' is disabled.
2018-06-22 03:14:18 21 [Note] InnoDB: Using atomics to ref count buffer pool pages
2018-06-22 03:14:18 21 [Note] InnoDB: The InnoDB memory heap is disabled
2018-06-22 03:14:18 21 [Note] InnoDB: Mutexes and rw_locks use GCC atomic builtins
2018-06-22 03:14:18 21 [Note] InnoDB: Memory barrier is not used
2018-06-22 03:14:18 21 [Note] InnoDB: Compressed tables use zlib 1.2.3
2018-06-22 03:14:18 21 [Note] InnoDB: Using Linux native AIO
2018-06-22 03:14:18 21 [Note] InnoDB: Using CPU crc32 instructions
2018-06-22 03:14:18 21 [Note] InnoDB: Initializing buffer pool, size = 32.0M
2018-06-22 03:14:18 21 [Note] InnoDB: Completed initialization of buffer pool
2018-06-22 03:14:18 21 [Note] InnoDB: Highest supported file format is Barracuda.
2018-06-22 03:14:19 21 [Note] InnoDB: 128 rollback segment(s) are active.
2018-06-22 03:14:19 21 [Note] InnoDB: Waiting for purge to start
2018-06-22 03:14:19 21 [Note] InnoDB: 5.6.37 started; log sequence number 6319197
2018-06-22 03:14:19 21 [Note] Server hostname (bind-address): '*'; port: 3306
2018-06-22 03:14:19 21 [Note] IPv6 is available.
2018-06-22 03:14:19 21 [Note]   - '::' resolves to '::';
2018-06-22 03:14:19 21 [Note] Server socket created on IP: '::'.
2018-06-22 03:14:19 21 [Warning] 'user' entry 'root@e24d0b5cccc1' ignored in --skip-name-resolve mode.
2018-06-22 03:14:19 21 [Warning] 'user' entry '@e24d0b5cccc1' ignored in --skip-name-resolve mode.
2018-06-22 03:14:19 21 [Warning] 'proxies_priv' entry '@ root@e24d0b5cccc1' ignored in --skip-name-resolve mode.
2018-06-22 03:14:19 21 [Note] Event Scheduler: Loaded 0 events
2018-06-22 03:14:19 21 [Note] /usr/sbin/mysqld: ready for connections.
Version: '5.6.37'  socket: '/var/run/mysqld/mysqld.sock'  port: 3306  MySQL Community Server (GPL)
2018-06-25 07:07:58 38 [Warning] Using unique option prefix myisam-recover instead of myisam-recover-options is deprecated and will be removed in a future release. Please use the full name instead.
2018-06-25 07:07:58 38 [Note] Plugin 'FEDERATED' is disabled.
2018-06-25 07:07:58 38 [Note] InnoDB: Using atomics to ref count buffer pool pages
2018-06-25 07:07:58 38 [Note] InnoDB: The InnoDB memory heap is disabled
2018-06-25 07:07:58 38 [Note] InnoDB: Mutexes and rw_locks use GCC atomic builtins
2018-06-25 07:07:58 38 [Note] InnoDB: Memory barrier is not used
2018-06-25 07:07:58 38 [Note] InnoDB: Compressed tables use zlib 1.2.3
2018-06-25 07:07:58 38 [Note] InnoDB: Using Linux native AIO
2018-06-25 07:07:58 38 [Note] InnoDB: Using CPU crc32 instructions
2018-06-25 07:07:58 38 [Note] InnoDB: Initializing buffer pool, size = 32.0M
2018-06-25 07:07:58 38 [Note] InnoDB: Completed initialization of buffer pool
2018-06-25 07:07:59 38 [Note] InnoDB: Highest supported file format is Barracuda.
2018-06-25 07:07:59 38 [Note] InnoDB: The log sequence numbers 6319197 and 6319197 in ibdata files do not match the log sequence number 6703465 in the ib_logfiles!
2018-06-25 07:07:59 38 [Note] InnoDB: Database was not shutdown normally!
2018-06-25 07:07:59 38 [Note] InnoDB: Starting crash recovery.
2018-06-25 07:07:59 38 [Note] InnoDB: Reading tablespace information from the .ibd files...
2018-06-25 07:07:59 38 [Note] InnoDB: Restoring possible half-written data pages 
2018-06-25 07:07:59 38 [Note] InnoDB: from the doublewrite buffer...
2018-06-25 07:07:59 38 [Note] InnoDB: 128 rollback segment(s) are active.
2018-06-25 07:07:59 38 [Note] InnoDB: Waiting for purge to start
2018-06-25 07:07:59 38 [Note] InnoDB: 5.6.37 started; log sequence number 6703465
2018-06-25 07:07:59 38 [Note] Server hostname (bind-address): '*'; port: 3306
2018-06-25 07:07:59 38 [Note] IPv6 is available.
2018-06-25 07:07:59 38 [Note]   - '::' resolves to '::';
2018-06-25 07:07:59 38 [Note] Server socket created on IP: '::'.
2018-06-25 07:07:59 38 [Warning] 'user' entry 'root@e24d0b5cccc1' ignored in --skip-name-resolve mode.
2018-06-25 07:07:59 38 [Warning] 'user' entry '@e24d0b5cccc1' ignored in --skip-name-resolve mode.
2018-06-25 07:07:59 38 [Warning] 'proxies_priv' entry '@ root@e24d0b5cccc1' ignored in --skip-name-resolve mode.
2018-06-25 07:07:59 38 [Note] Event Scheduler: Loaded 0 events
2018-06-25 07:07:59 38 [Note] /usr/sbin/mysqld: ready for connections.
Version: '5.6.37'  socket: '/var/run/mysqld/mysqld.sock'  port: 3306  MySQL Community Server (GPL)
2018-06-25 10:40:08 38 [Note] /usr/sbin/mysqld: Normal shutdown

2018-06-25 10:40:08 38 [Note] Giving 0 client threads a chance to die gracefully
2018-06-25 10:40:08 38 [Note] Event Scheduler: Purging the queue. 0 events
2018-06-25 10:40:08 38 [Note] Shutting down slave threads
2018-06-25 10:40:08 38 [Note] Forcefully disconnecting 0 remaining clients
2018-06-25 10:40:08 38 [Note] Binlog end
2018-06-25 10:40:08 38 [Note] Shutting down plugin 'partition'
2018-06-25 10:40:08 38 [Note] Shutting down plugin 'INNODB_SYS_DATAFILES'
2018-06-25 10:40:08 38 [Note] Shutting down plugin 'INNODB_SYS_TABLESPACES'
2018-06-25 10:40:08 38 [Note] Shutting down plugin 'INNODB_SYS_FOREIGN_COLS'
2018-06-25 10:40:08 38 [Note] Shutting down plugin 'INNODB_SYS_FOREIGN'
2018-06-25 10:40:08 38 [Note] Shutting down plugin 'INNODB_SYS_FIELDS'
2018-06-25 10:40:08 38 [Note] Shutting down plugin 'INNODB_SYS_COLUMNS'
2018-06-25 10:40:08 38 [Note] Shutting down plugin 'INNODB_SYS_INDEXES'
2018-06-25 10:40:08 38 [Note] Shutting down plugin 'INNODB_SYS_TABLESTATS'
2018-06-25 10:40:08 38 [Note] Shutting down plugin 'INNODB_SYS_TABLES'
2018-06-25 10:40:08 38 [Note] Shutting down plugin 'INNODB_FT_INDEX_TABLE'
2018-06-25 10:40:08 38 [Note] Shutting down plugin 'INNODB_FT_INDEX_CACHE'
2018-06-25 10:40:08 38 [Note] Shutting down plugin 'INNODB_FT_CONFIG'
2018-06-25 10:40:08 38 [Note] Shutting down plugin 'INNODB_FT_BEING_DELETED'
2018-06-25 10:40:08 38 [Note] Shutting down plugin 'INNODB_FT_DELETED'
2018-06-25 10:40:08 38 [Note] Shutting down plugin 'INNODB_FT_DEFAULT_STOPWORD'
2018-06-25 10:40:08 38 [Note] Shutting down plugin 'INNODB_METRICS'
2018-06-25 10:40:08 38 [Note] Shutting down plugin 'INNODB_BUFFER_POOL_STATS'
2018-06-25 10:40:08 38 [Note] Shutting down plugin 'INNODB_BUFFER_PAGE_LRU'
2018-06-25 10:40:08 38 [Note] Shutting down plugin 'INNODB_BUFFER_PAGE'
2018-06-25 10:40:08 38 [Note] Shutting down plugin 'INNODB_CMP_PER_INDEX_RESET'
2018-06-25 10:40:08 38 [Note] Shutting down plugin 'INNODB_CMP_PER_INDEX'
2018-06-25 10:40:08 38 [Note] Shutting down plugin 'INNODB_CMPMEM_RESET'
2018-06-25 10:40:08 38 [Note] Shutting down plugin 'INNODB_CMPMEM'
2018-06-25 10:40:08 38 [Note] Shutting down plugin 'INNODB_CMP_RESET'
2018-06-25 10:40:08 38 [Note] Shutting down plugin 'INNODB_CMP'
2018-06-25 10:40:08 38 [Note] Shutting down plugin 'INNODB_LOCK_WAITS'
2018-06-25 10:40:08 38 [Note] Shutting down plugin 'INNODB_LOCKS'
2018-06-25 10:40:08 38 [Note] Shutting down plugin 'INNODB_TRX'
2018-06-25 10:40:08 38 [Note] Shutting down plugin 'InnoDB'
2018-06-25 10:40:08 38 [Note] InnoDB: FTS optimize thread exiting.
2018-06-25 10:40:08 38 [Note] InnoDB: Starting shutdown...
2018-06-25 10:40:10 38 [Note] InnoDB: Shutdown completed; log sequence number 7314631
2018-06-25 10:40:10 38 [Note] Shutting down plugin 'BLACKHOLE'
2018-06-25 10:40:10 38 [Note] Shutting down plugin 'ARCHIVE'
2018-06-25 10:40:10 38 [Note] Shutting down plugin 'PERFORMANCE_SCHEMA'
2018-06-25 10:40:10 38 [Note] Shutting down plugin 'MEMORY'
2018-06-25 10:40:10 38 [Note] Shutting down plugin 'MyISAM'
2018-06-25 10:40:10 38 [Note] Shutting down plugin 'MRG_MYISAM'
2018-06-25 10:40:10 38 [Note] Shutting down plugin 'CSV'
2018-06-25 10:40:10 38 [Note] Shutting down plugin 'sha256_password'
2018-06-25 10:40:10 38 [Note] Shutting down plugin 'mysql_old_password'
2018-06-25 10:40:10 38 [Note] Shutting down plugin 'mysql_native_password'
2018-06-25 10:40:10 38 [Note] Shutting down plugin 'binlog'
2018-06-25 10:40:10 38 [Note] /usr/sbin/mysqld: Shutdown complete

2018-06-26 02:59:19 19 [Warning] Using unique option prefix myisam-recover instead of myisam-recover-options is deprecated and will be removed in a future release. Please use the full name instead.
2018-06-26 02:59:19 19 [Note] Plugin 'FEDERATED' is disabled.
2018-06-26 02:59:19 19 [Note] InnoDB: Using atomics to ref count buffer pool pages
2018-06-26 02:59:19 19 [Note] InnoDB: The InnoDB memory heap is disabled
2018-06-26 02:59:19 19 [Note] InnoDB: Mutexes and rw_locks use GCC atomic builtins
2018-06-26 02:59:19 19 [Note] InnoDB: Memory barrier is not used
2018-06-26 02:59:19 19 [Note] InnoDB: Compressed tables use zlib 1.2.3
2018-06-26 02:59:19 19 [Note] InnoDB: Using Linux native AIO
2018-06-26 02:59:19 19 [Note] InnoDB: Using CPU crc32 instructions
2018-06-26 02:59:19 19 [Note] InnoDB: Initializing buffer pool, size = 32.0M
2018-06-26 02:59:19 19 [Note] InnoDB: Completed initialization of buffer pool
2018-06-26 02:59:19 19 [Note] InnoDB: Highest supported file format is Barracuda.
2018-06-26 02:59:19 19 [Note] InnoDB: 128 rollback segment(s) are active.
2018-06-26 02:59:19 19 [Note] InnoDB: Waiting for purge to start
2018-06-26 02:59:19 19 [Note] InnoDB: 5.6.37 started; log sequence number 7314631
2018-06-26 02:59:19 19 [Note] Server hostname (bind-address): '*'; port: 3306
2018-06-26 02:59:19 19 [Note] IPv6 is available.
2018-06-26 02:59:19 19 [Note]   - '::' resolves to '::';
2018-06-26 02:59:19 19 [Note] Server socket created on IP: '::'.
2018-06-26 02:59:19 19 [Warning] 'user' entry 'root@e24d0b5cccc1' ignored in --skip-name-resolve mode.
2018-06-26 02:59:19 19 [Warning] 'user' entry '@e24d0b5cccc1' ignored in --skip-name-resolve mode.
2018-06-26 02:59:19 19 [Warning] 'proxies_priv' entry '@ root@e24d0b5cccc1' ignored in --skip-name-resolve mode.
2018-06-26 02:59:19 19 [Note] Event Scheduler: Loaded 0 events
2018-06-26 02:59:19 19 [Note] /usr/sbin/mysqld: ready for connections.
Version: '5.6.37'  socket: '/var/run/mysqld/mysqld.sock'  port: 3306  MySQL Community Server (GPL)
2018-06-26 05:29:47 19 [Warning] Using unique option prefix myisam-recover instead of myisam-recover-options is deprecated and will be removed in a future release. Please use the full name instead.
2018-06-26 05:29:47 19 [Note] Plugin 'FEDERATED' is disabled.
2018-06-26 05:29:47 19 [Note] InnoDB: Using atomics to ref count buffer pool pages
2018-06-26 05:29:47 19 [Note] InnoDB: The InnoDB memory heap is disabled
2018-06-26 05:29:47 19 [Note] InnoDB: Mutexes and rw_locks use GCC atomic builtins
2018-06-26 05:29:47 19 [Note] InnoDB: Memory barrier is not used
2018-06-26 05:29:47 19 [Note] InnoDB: Compressed tables use zlib 1.2.3
2018-06-26 05:29:47 19 [Note] InnoDB: Using Linux native AIO
2018-06-26 05:29:47 19 [Note] InnoDB: Using CPU crc32 instructions
2018-06-26 05:29:47 19 [Note] InnoDB: Initializing buffer pool, size = 32.0M
2018-06-26 05:29:47 19 [Note] InnoDB: Completed initialization of buffer pool
2018-06-26 05:29:47 19 [Note] InnoDB: Highest supported file format is Barracuda.
2018-06-26 05:29:47 19 [Note] InnoDB: The log sequence numbers 7314631 and 7314631 in ibdata files do not match the log sequence number 7354963 in the ib_logfiles!
2018-06-26 05:29:47 19 [Note] InnoDB: Database was not shutdown normally!
2018-06-26 05:29:47 19 [Note] InnoDB: Starting crash recovery.
2018-06-26 05:29:47 19 [Note] InnoDB: Reading tablespace information from the .ibd files...
2018-06-26 05:29:47 19 [Note] InnoDB: Restoring possible half-written data pages 
2018-06-26 05:29:47 19 [Note] InnoDB: from the doublewrite buffer...
2018-06-26 05:29:47 19 [Note] InnoDB: 128 rollback segment(s) are active.
2018-06-26 05:29:47 19 [Note] InnoDB: Waiting for purge to start
2018-06-26 05:29:47 19 [Note] InnoDB: 5.6.37 started; log sequence number 7354963
2018-06-26 05:29:47 19 [Note] Server hostname (bind-address): '*'; port: 3306
2018-06-26 05:29:47 19 [Note] IPv6 is available.
2018-06-26 05:29:47 19 [Note]   - '::' resolves to '::';
2018-06-26 05:29:47 19 [Note] Server socket created on IP: '::'.
2018-06-26 05:29:47 19 [Warning] 'user' entry 'root@e24d0b5cccc1' ignored in --skip-name-resolve mode.
2018-06-26 05:29:47 19 [Warning] 'user' entry '@e24d0b5cccc1' ignored in --skip-name-resolve mode.
2018-06-26 05:29:47 19 [Warning] 'proxies_priv' entry '@ root@e24d0b5cccc1' ignored in --skip-name-resolve mode.
2018-06-26 05:29:47 19 [Note] Event Scheduler: Loaded 0 events
2018-06-26 05:29:47 19 [Note] /usr/sbin/mysqld: ready for connections.
Version: '5.6.37'  socket: '/var/run/mysqld/mysqld.sock'  port: 3306  MySQL Community Server (GPL)
2018-06-26 10:44:15 19 [Note] /usr/sbin/mysqld: Normal shutdown

2018-06-26 10:44:15 19 [Note] Giving 0 client threads a chance to die gracefully
2018-06-26 10:44:15 19 [Note] Event Scheduler: Purging the queue. 0 events
2018-06-26 10:44:15 19 [Note] Shutting down slave threads
2018-06-26 10:44:15 19 [Note] Forcefully disconnecting 0 remaining clients
2018-06-26 10:44:15 19 [Note] Binlog end
2018-06-26 10:44:15 19 [Note] Shutting down plugin 'partition'
2018-06-26 10:44:15 19 [Note] Shutting down plugin 'INNODB_SYS_DATAFILES'
2018-06-26 10:44:15 19 [Note] Shutting down plugin 'INNODB_SYS_TABLESPACES'
2018-06-26 10:44:15 19 [Note] Shutting down plugin 'INNODB_SYS_FOREIGN_COLS'
2018-06-26 10:44:15 19 [Note] Shutting down plugin 'INNODB_SYS_FOREIGN'
2018-06-26 10:44:15 19 [Note] Shutting down plugin 'INNODB_SYS_FIELDS'
2018-06-26 10:44:15 19 [Note] Shutting down plugin 'INNODB_SYS_COLUMNS'
2018-06-26 10:44:15 19 [Note] Shutting down plugin 'INNODB_SYS_INDEXES'
2018-06-26 10:44:15 19 [Note] Shutting down plugin 'INNODB_SYS_TABLESTATS'
2018-06-26 10:44:15 19 [Note] Shutting down plugin 'INNODB_SYS_TABLES'
2018-06-26 10:44:15 19 [Note] Shutting down plugin 'INNODB_FT_INDEX_TABLE'
2018-06-26 10:44:15 19 [Note] Shutting down plugin 'INNODB_FT_INDEX_CACHE'
2018-06-26 10:44:15 19 [Note] Shutting down plugin 'INNODB_FT_CONFIG'
2018-06-26 10:44:15 19 [Note] Shutting down plugin 'INNODB_FT_BEING_DELETED'
2018-06-26 10:44:15 19 [Note] Shutting down plugin 'INNODB_FT_DELETED'
2018-06-26 10:44:15 19 [Note] Shutting down plugin 'INNODB_FT_DEFAULT_STOPWORD'
2018-06-26 10:44:15 19 [Note] Shutting down plugin 'INNODB_METRICS'
2018-06-26 10:44:15 19 [Note] Shutting down plugin 'INNODB_BUFFER_POOL_STATS'
2018-06-26 10:44:15 19 [Note] Shutting down plugin 'INNODB_BUFFER_PAGE_LRU'
2018-06-26 10:44:15 19 [Note] Shutting down plugin 'INNODB_BUFFER_PAGE'
2018-06-26 10:44:15 19 [Note] Shutting down plugin 'INNODB_CMP_PER_INDEX_RESET'
2018-06-26 10:44:15 19 [Note] Shutting down plugin 'INNODB_CMP_PER_INDEX'
2018-06-26 10:44:15 19 [Note] Shutting down plugin 'INNODB_CMPMEM_RESET'
2018-06-26 10:44:15 19 [Note] Shutting down plugin 'INNODB_CMPMEM'
2018-06-26 10:44:15 19 [Note] Shutting down plugin 'INNODB_CMP_RESET'
2018-06-26 10:44:15 19 [Note] Shutting down plugin 'INNODB_CMP'
2018-06-26 10:44:15 19 [Note] Shutting down plugin 'INNODB_LOCK_WAITS'
2018-06-26 10:44:15 19 [Note] Shutting down plugin 'INNODB_LOCKS'
2018-06-26 10:44:15 19 [Note] Shutting down plugin 'INNODB_TRX'
2018-06-26 10:44:15 19 [Note] Shutting down plugin 'InnoDB'
2018-06-26 10:44:15 19 [Note] InnoDB: FTS optimize thread exiting.
2018-06-26 10:44:15 19 [Note] InnoDB: Starting shutdown...
2018-06-26 10:44:16 19 [Note] InnoDB: Shutdown completed; log sequence number 8160247
2018-06-26 10:44:16 19 [Note] Shutting down plugin 'BLACKHOLE'
2018-06-26 10:44:16 19 [Note] Shutting down plugin 'ARCHIVE'
2018-06-26 10:44:16 19 [Note] Shutting down plugin 'PERFORMANCE_SCHEMA'
2018-06-26 10:44:16 19 [Note] Shutting down plugin 'MEMORY'
2018-06-26 10:44:16 19 [Note] Shutting down plugin 'MyISAM'
2018-06-26 10:44:16 19 [Note] Shutting down plugin 'MRG_MYISAM'
2018-06-26 10:44:16 19 [Note] Shutting down plugin 'CSV'
2018-06-26 10:44:16 19 [Note] Shutting down plugin 'sha256_password'
2018-06-26 10:44:16 19 [Note] Shutting down plugin 'mysql_old_password'
2018-06-26 10:44:16 19 [Note] Shutting down plugin 'mysql_native_password'
2018-06-26 10:44:16 19 [Note] Shutting down plugin 'binlog'
2018-06-26 10:44:16 19 [Note] /usr/sbin/mysqld: Shutdown complete

2018-06-27 02:32:06 19 [Warning] Using unique option prefix myisam-recover instead of myisam-recover-options is deprecated and will be removed in a future release. Please use the full name instead.
2018-06-27 02:32:06 19 [Note] Plugin 'FEDERATED' is disabled.
2018-06-27 02:32:06 19 [Note] InnoDB: Using atomics to ref count buffer pool pages
2018-06-27 02:32:06 19 [Note] InnoDB: The InnoDB memory heap is disabled
2018-06-27 02:32:06 19 [Note] InnoDB: Mutexes and rw_locks use GCC atomic builtins
2018-06-27 02:32:06 19 [Note] InnoDB: Memory barrier is not used
2018-06-27 02:32:06 19 [Note] InnoDB: Compressed tables use zlib 1.2.3
2018-06-27 02:32:06 19 [Note] InnoDB: Using Linux native AIO
2018-06-27 02:32:06 19 [Note] InnoDB: Using CPU crc32 instructions
2018-06-27 02:32:06 19 [Note] InnoDB: Initializing buffer pool, size = 32.0M
2018-06-27 02:32:06 19 [Note] InnoDB: Completed initialization of buffer pool
2018-06-27 02:32:06 19 [Note] InnoDB: Highest supported file format is Barracuda.
2018-06-27 02:32:06 19 [Note] InnoDB: 128 rollback segment(s) are active.
2018-06-27 02:32:06 19 [Note] InnoDB: Waiting for purge to start
2018-06-27 02:32:06 19 [Note] InnoDB: 5.6.37 started; log sequence number 8160247
2018-06-27 02:32:06 19 [Note] Server hostname (bind-address): '*'; port: 3306
2018-06-27 02:32:06 19 [Note] IPv6 is available.
2018-06-27 02:32:06 19 [Note]   - '::' resolves to '::';
2018-06-27 02:32:06 19 [Note] Server socket created on IP: '::'.
2018-06-27 02:32:06 19 [Warning] 'user' entry 'root@e24d0b5cccc1' ignored in --skip-name-resolve mode.
2018-06-27 02:32:06 19 [Warning] 'user' entry '@e24d0b5cccc1' ignored in --skip-name-resolve mode.
2018-06-27 02:32:06 19 [Warning] 'proxies_priv' entry '@ root@e24d0b5cccc1' ignored in --skip-name-resolve mode.
2018-06-27 02:32:06 19 [Note] Event Scheduler: Loaded 0 events
2018-06-27 02:32:06 19 [Note] /usr/sbin/mysqld: ready for connections.
Version: '5.6.37'  socket: '/var/run/mysqld/mysqld.sock'  port: 3306  MySQL Community Server (GPL)
2018-06-27 10:51:52 19 [Note] /usr/sbin/mysqld: Normal shutdown

2018-06-27 10:51:52 19 [Note] Giving 0 client threads a chance to die gracefully
2018-06-27 10:51:52 19 [Note] Event Scheduler: Purging the queue. 0 events
2018-06-27 10:51:52 19 [Note] Shutting down slave threads
2018-06-27 10:51:52 19 [Note] Forcefully disconnecting 0 remaining clients
2018-06-27 10:51:52 19 [Note] Binlog end
2018-06-27 10:51:52 19 [Note] Shutting down plugin 'partition'
2018-06-27 10:51:52 19 [Note] Shutting down plugin 'INNODB_SYS_DATAFILES'
2018-06-27 10:51:52 19 [Note] Shutting down plugin 'INNODB_SYS_TABLESPACES'
2018-06-27 10:51:52 19 [Note] Shutting down plugin 'INNODB_SYS_FOREIGN_COLS'
2018-06-27 10:51:52 19 [Note] Shutting down plugin 'INNODB_SYS_FOREIGN'
2018-06-27 10:51:52 19 [Note] Shutting down plugin 'INNODB_SYS_FIELDS'
2018-06-27 10:51:52 19 [Note] Shutting down plugin 'INNODB_SYS_COLUMNS'
2018-06-27 10:51:52 19 [Note] Shutting down plugin 'INNODB_SYS_INDEXES'
2018-06-27 10:51:52 19 [Note] Shutting down plugin 'INNODB_SYS_TABLESTATS'
2018-06-27 10:51:52 19 [Note] Shutting down plugin 'INNODB_SYS_TABLES'
2018-06-27 10:51:52 19 [Note] Shutting down plugin 'INNODB_FT_INDEX_TABLE'
2018-06-27 10:51:52 19 [Note] Shutting down plugin 'INNODB_FT_INDEX_CACHE'
2018-06-27 10:51:52 19 [Note] Shutting down plugin 'INNODB_FT_CONFIG'
2018-06-27 10:51:52 19 [Note] Shutting down plugin 'INNODB_FT_BEING_DELETED'
2018-06-27 10:51:52 19 [Note] Shutting down plugin 'INNODB_FT_DELETED'
2018-06-27 10:51:52 19 [Note] Shutting down plugin 'INNODB_FT_DEFAULT_STOPWORD'
2018-06-27 10:51:52 19 [Note] Shutting down plugin 'INNODB_METRICS'
2018-06-27 10:51:52 19 [Note] Shutting down plugin 'INNODB_BUFFER_POOL_STATS'
2018-06-27 10:51:52 19 [Note] Shutting down plugin 'INNODB_BUFFER_PAGE_LRU'
2018-06-27 10:51:52 19 [Note] Shutting down plugin 'INNODB_BUFFER_PAGE'
2018-06-27 10:51:52 19 [Note] Shutting down plugin 'INNODB_CMP_PER_INDEX_RESET'
2018-06-27 10:51:52 19 [Note] Shutting down plugin 'INNODB_CMP_PER_INDEX'
2018-06-27 10:51:52 19 [Note] Shutting down plugin 'INNODB_CMPMEM_RESET'
2018-06-27 10:51:52 19 [Note] Shutting down plugin 'INNODB_CMPMEM'
2018-06-27 10:51:52 19 [Note] Shutting down plugin 'INNODB_CMP_RESET'
2018-06-27 10:51:52 19 [Note] Shutting down plugin 'INNODB_CMP'
2018-06-27 10:51:52 19 [Note] Shutting down plugin 'INNODB_LOCK_WAITS'
2018-06-27 10:51:52 19 [Note] Shutting down plugin 'INNODB_LOCKS'
2018-06-27 10:51:52 19 [Note] Shutting down plugin 'INNODB_TRX'
2018-06-27 10:51:52 19 [Note] Shutting down plugin 'InnoDB'
2018-06-27 10:51:52 19 [Note] InnoDB: FTS optimize thread exiting.
2018-06-27 10:51:52 19 [Note] InnoDB: Starting shutdown...
2018-06-27 10:51:53 19 [Note] InnoDB: Shutdown completed; log sequence number 8702353
2018-06-27 10:51:53 19 [Note] Shutting down plugin 'BLACKHOLE'
2018-06-27 10:51:53 19 [Note] Shutting down plugin 'ARCHIVE'
2018-06-27 10:51:53 19 [Note] Shutting down plugin 'PERFORMANCE_SCHEMA'
2018-06-27 10:51:53 19 [Note] Shutting down plugin 'MEMORY'
2018-06-27 10:51:53 19 [Note] Shutting down plugin 'MyISAM'
2018-06-27 10:51:53 19 [Note] Shutting down plugin 'MRG_MYISAM'
2018-06-27 10:51:53 19 [Note] Shutting down plugin 'CSV'
2018-06-27 10:51:53 19 [Note] Shutting down plugin 'sha256_password'
2018-06-27 10:51:53 19 [Note] Shutting down plugin 'mysql_old_password'
2018-06-27 10:51:53 19 [Note] Shutting down plugin 'mysql_native_password'
2018-06-27 10:51:53 19 [Note] Shutting down plugin 'binlog'
2018-06-27 10:51:53 19 [Note] /usr/sbin/mysqld: Shutdown complete

2018-06-28 03:03:21 19 [Warning] Using unique option prefix myisam-recover instead of myisam-recover-options is deprecated and will be removed in a future release. Please use the full name instead.
2018-06-28 03:03:21 19 [Note] Plugin 'FEDERATED' is disabled.
2018-06-28 03:03:21 19 [Note] InnoDB: Using atomics to ref count buffer pool pages
2018-06-28 03:03:21 19 [Note] InnoDB: The InnoDB memory heap is disabled
2018-06-28 03:03:21 19 [Note] InnoDB: Mutexes and rw_locks use GCC atomic builtins
2018-06-28 03:03:21 19 [Note] InnoDB: Memory barrier is not used
2018-06-28 03:03:21 19 [Note] InnoDB: Compressed tables use zlib 1.2.3
2018-06-28 03:03:21 19 [Note] InnoDB: Using Linux native AIO
2018-06-28 03:03:21 19 [Note] InnoDB: Using CPU crc32 instructions
2018-06-28 03:03:21 19 [Note] InnoDB: Initializing buffer pool, size = 32.0M
2018-06-28 03:03:21 19 [Note] InnoDB: Completed initialization of buffer pool
2018-06-28 03:03:21 19 [Note] InnoDB: Highest supported file format is Barracuda.
2018-06-28 03:03:21 19 [Note] InnoDB: 128 rollback segment(s) are active.
2018-06-28 03:03:21 19 [Note] InnoDB: Waiting for purge to start
2018-06-28 03:03:21 19 [Note] InnoDB: 5.6.37 started; log sequence number 8702353
2018-06-28 03:03:21 19 [Note] Server hostname (bind-address): '*'; port: 3306
2018-06-28 03:03:21 19 [Note] IPv6 is available.
2018-06-28 03:03:21 19 [Note]   - '::' resolves to '::';
2018-06-28 03:03:21 19 [Note] Server socket created on IP: '::'.
2018-06-28 03:03:21 19 [Warning] 'user' entry 'root@e24d0b5cccc1' ignored in --skip-name-resolve mode.
2018-06-28 03:03:21 19 [Warning] 'user' entry '@e24d0b5cccc1' ignored in --skip-name-resolve mode.
2018-06-28 03:03:21 19 [Warning] 'proxies_priv' entry '@ root@e24d0b5cccc1' ignored in --skip-name-resolve mode.
2018-06-28 03:03:21 19 [Note] Event Scheduler: Loaded 0 events
2018-06-28 03:03:21 19 [Note] /usr/sbin/mysqld: ready for connections.
Version: '5.6.37'  socket: '/var/run/mysqld/mysqld.sock'  port: 3306  MySQL Community Server (GPL)
